{"/Users/stream/codes/ganglia/ganglia-webui/src/components/StatusBar.vue": {"path":"/Users/stream/codes/ganglia/ganglia-webui/src/components/StatusBar.vue","statementMap":{"0":{"start":{"line":5,"column":6},"end":{"line":5,"column":null}},"1":{"start":{"line":7,"column":18},"end":{"line":9,"column":null}},"2":{"start":{"line":8,"column":2},"end":{"line":8,"column":null}},"3":{"start":{"line":18,"column":10},"end":{"line":18,"column":null}},"4":{"start":{"line":23,"column":7},"end":{"line":23,"column":null}},"5":{"start":{"line":24,"column":9},"end":{"line":24,"column":null}},"6":{"start":{"line":25,"column":11},"end":{"line":25,"column":null}}},"fnMap":{"0":{"name":"(anonymous_0)","decl":{"start":{"line":7,"column":18},"end":{"line":7,"column":24}},"loc":{"start":{"line":7,"column":24},"end":{"line":9,"column":null}},"line":7}},"branchMap":{"0":{"loc":{"start":{"line":14,"column":10},"end":{"line":19,"column":null}},"type":"cond-expr","locations":[{"start":{"line":14,"column":28},"end":{"line":19,"column":null}},{"start":{"line":19,"column":27},"end":{"line":19,"column":null}}],"line":14},"1":{"loc":{"start":{"line":21,"column":8},"end":{"line":17,"column":63}},"type":"binary-expr","locations":[{"start":{"line":21,"column":8},"end":{"line":21,"column":null}},{"start":{"line":21,"column":8},"end":{"line":17,"column":63}}],"line":21},"2":{"loc":{"start":{"line":19,"column":9},"end":{"line":19,"column":null}},"type":"cond-expr","locations":[{"start":{"line":19,"column":27},"end":{"line":19,"column":null}},{"start":{"line":19,"column":27},"end":{"line":19,"column":null}}],"line":19},"3":{"loc":{"start":{"line":26,"column":50},"end":{"line":26,"column":166}},"type":"cond-expr","locations":[{"start":{"line":26,"column":68},"end":{"line":26,"column":166}},{"start":{"line":26,"column":68},"end":{"line":26,"column":166}}],"line":26},"4":{"loc":{"start":{"line":27,"column":8},"end":{"line":27,"column":103}},"type":"binary-expr","locations":[{"start":{"line":27,"column":8},"end":{"line":27,"column":14}},{"start":{"line":27,"column":8},"end":{"line":27,"column":103}}],"line":27},"5":{"loc":{"start":{"line":33,"column":12},"end":{"line":36,"column":84}},"type":"binary-expr","locations":[{"start":{"line":33,"column":12},"end":{"line":33,"column":null}},{"start":{"line":33,"column":12},"end":{"line":36,"column":84}}],"line":33}},"s":{"0":3,"1":3,"2":0,"3":1,"4":1,"5":1,"6":1},"f":{"0":0},"b":{"0":[2,1],"1":[2,2],"2":[1,1],"3":[1,2],"4":[3,3],"5":[3,3]},"meta":{"lastBranch":6,"lastFunction":1,"lastStatement":7,"seen":{"s:5:6:5:Infinity":0,"s:7:18:9:Infinity":1,"f:7:18:7:24":0,"s:8:2:8:Infinity":2,"s:18:10:18:Infinity":3,"s:23:7:23:Infinity":4,"s:24:9:24:Infinity":5,"s:25:11:25:Infinity":6,"b:14:28:19:Infinity:19:27:19:Infinity":0,"b:21:8:21:Infinity:21:8:17:63":1,"b:19:27:19:Infinity:19:27:19:Infinity":2,"b:26:68:26:166:26:68:26:166":3,"b:27:8:27:14:27:8:27:103":4,"b:33:12:33:Infinity:33:12:36:84":5}}}
,"/Users/stream/codes/ganglia/ganglia-webui/src/components/ToolCard.vue": {"path":"/Users/stream/codes/ganglia/ganglia-webui/src/components/ToolCard.vue","statementMap":{"0":{"start":{"line":6,"column":6},"end":{"line":6,"column":null}},"1":{"start":{"line":7,"column":14},"end":{"line":7,"column":null}},"2":{"start":{"line":13,"column":6},"end":{"line":18,"column":null}},"3":{"start":{"line":14,"column":2},"end":{"line":17,"column":null}},"4":{"start":{"line":15,"column":4},"end":{"line":16,"column":null}},"5":{"start":{"line":20,"column":6},"end":{"line":20,"column":null}},"6":{"start":{"line":20,"column":33},"end":{"line":20,"column":51}},"7":{"start":{"line":21,"column":6},"end":{"line":21,"column":null}},"8":{"start":{"line":21,"column":31},"end":{"line":21,"column":126}},"9":{"start":{"line":23,"column":6},"end":{"line":23,"column":null}},"10":{"start":{"line":23,"column":32},"end":{"line":23,"column":57}},"11":{"start":{"line":24,"column":6},"end":{"line":24,"column":null}},"12":{"start":{"line":24,"column":31},"end":{"line":24,"column":55}},"13":{"start":{"line":25,"column":6},"end":{"line":25,"column":null}},"14":{"start":{"line":25,"column":31},"end":{"line":25,"column":80}},"15":{"start":{"line":28,"column":27},"end":{"line":36,"column":null}},"16":{"start":{"line":29,"column":20},"end":{"line":29,"column":null}},"17":{"start":{"line":30,"column":2},"end":{"line":35,"column":null}},"18":{"start":{"line":31,"column":22},"end":{"line":31,"column":null}},"19":{"start":{"line":32,"column":4},"end":{"line":34,"column":null}},"20":{"start":{"line":33,"column":6},"end":{"line":33,"column":null}},"21":{"start":{"line":48,"column":9},"end":{"line":48,"column":null}},"22":{"start":{"line":49,"column":11},"end":{"line":49,"column":null}},"23":{"start":{"line":54,"column":14},"end":{"line":54,"column":null}},"24":{"start":{"line":59,"column":11},"end":{"line":59,"column":null}},"25":{"start":{"line":69,"column":9},"end":{"line":69,"column":null}},"26":{"start":{"line":78,"column":11},"end":{"line":78,"column":null}},"27":{"start":{"line":40,"column":2},"end":{"line":79,"column":null}},"28":{"start":{"line":61,"column":23},"end":{"line":61,"column":null}}},"fnMap":{"0":{"name":"(anonymous_0)","decl":{"start":{"line":13,"column":29},"end":{"line":13,"column":35}},"loc":{"start":{"line":13,"column":35},"end":{"line":18,"column":1}},"line":13},"1":{"name":"(anonymous_1)","decl":{"start":{"line":14,"column":30},"end":{"line":14,"column":null}},"loc":{"start":{"line":15,"column":4},"end":{"line":16,"column":null}},"line":15},"2":{"name":"(anonymous_2)","decl":{"start":{"line":20,"column":27},"end":{"line":20,"column":33}},"loc":{"start":{"line":20,"column":33},"end":{"line":20,"column":51}},"line":20},"3":{"name":"(anonymous_3)","decl":{"start":{"line":21,"column":25},"end":{"line":21,"column":31}},"loc":{"start":{"line":21,"column":31},"end":{"line":21,"column":126}},"line":21},"4":{"name":"(anonymous_4)","decl":{"start":{"line":23,"column":26},"end":{"line":23,"column":32}},"loc":{"start":{"line":23,"column":32},"end":{"line":23,"column":57}},"line":23},"5":{"name":"(anonymous_5)","decl":{"start":{"line":24,"column":25},"end":{"line":24,"column":31}},"loc":{"start":{"line":24,"column":31},"end":{"line":24,"column":55}},"line":24},"6":{"name":"(anonymous_6)","decl":{"start":{"line":25,"column":25},"end":{"line":25,"column":31}},"loc":{"start":{"line":25,"column":31},"end":{"line":25,"column":80}},"line":25},"7":{"name":"(anonymous_7)","decl":{"start":{"line":28,"column":27},"end":{"line":28,"column":28}},"loc":{"start":{"line":28,"column":47},"end":{"line":36,"column":null}},"line":28},"8":{"name":"(anonymous_8)","decl":{"start":{"line":61,"column":16},"end":{"line":61,"column":23}},"loc":{"start":{"line":61,"column":23},"end":{"line":61,"column":null}},"line":61}},"branchMap":{"0":{"loc":{"start":{"line":15,"column":4},"end":{"line":16,"column":null}},"type":"binary-expr","locations":[{"start":{"line":15,"column":4},"end":{"line":15,"column":null}},{"start":{"line":16,"column":5},"end":{"line":16,"column":null}}],"line":15},"1":{"loc":{"start":{"line":21,"column":31},"end":{"line":21,"column":126}},"type":"binary-expr","locations":[{"start":{"line":21,"column":31},"end":{"line":21,"column":67}},{"start":{"line":21,"column":67},"end":{"line":21,"column":109}},{"start":{"line":21,"column":109},"end":{"line":21,"column":126}}],"line":21},"2":{"loc":{"start":{"line":25,"column":31},"end":{"line":25,"column":80}},"type":"binary-expr","locations":[{"start":{"line":25,"column":31},"end":{"line":25,"column":66}},{"start":{"line":25,"column":66},"end":{"line":25,"column":80}}],"line":25},"3":{"loc":{"start":{"line":30,"column":2},"end":{"line":35,"column":null}},"type":"if","locations":[{"start":{"line":30,"column":2},"end":{"line":35,"column":null}},{"start":{},"end":{}}],"line":30},"4":{"loc":{"start":{"line":32,"column":4},"end":{"line":34,"column":null}},"type":"if","locations":[{"start":{"line":32,"column":4},"end":{"line":34,"column":null}},{"start":{},"end":{}}],"line":32},"5":{"loc":{"start":{"line":41,"column":89},"end":{"line":42,"column":133}},"type":"binary-expr","locations":[{"start":{"line":41,"column":89},"end":{"line":42,"column":48}},{"start":{"line":42,"column":48},"end":{"line":42,"column":133}}],"line":41},"6":{"loc":{"start":{"line":50,"column":20},"end":{"line":52,"column":72}},"type":"cond-expr","locations":[{"start":{"line":50,"column":20},"end":{"line":50,"column":null}},{"start":{"line":51,"column":25},"end":{"line":52,"column":72}}],"line":50},"7":{"loc":{"start":{"line":51,"column":25},"end":{"line":52,"column":72}},"type":"cond-expr","locations":[{"start":{"line":51,"column":25},"end":{"line":51,"column":82}},{"start":{"line":51,"column":75},"end":{"line":52,"column":72}}],"line":51},"8":{"loc":{"start":{"line":61,"column":16},"end":{"line":61,"column":null}},"type":"binary-expr","locations":[{"start":{"line":61,"column":16},"end":{"line":61,"column":23}},{"start":{"line":61,"column":16},"end":{"line":61,"column":null}}],"line":61},"9":{"loc":{"start":{"line":75,"column":8},"end":{"line":75,"column":62}},"type":"binary-expr","locations":[{"start":{"line":75,"column":8},"end":{"line":75,"column":14}},{"start":{"line":75,"column":8},"end":{"line":75,"column":62}}],"line":75}},"s":{"0":3,"1":3,"2":3,"3":3,"4":5,"5":3,"6":3,"7":3,"8":3,"9":3,"10":3,"11":3,"12":3,"13":3,"14":3,"15":3,"16":0,"17":0,"18":0,"19":0,"20":0,"21":1,"22":1,"23":1,"24":1,"25":1,"26":1,"27":3,"28":0},"f":{"0":3,"1":5,"2":3,"3":3,"4":3,"5":3,"6":3,"7":0,"8":0},"b":{"0":[5,2],"1":[3,2,1],"2":[3,1],"3":[0,0],"4":[0,0],"5":[3,2],"6":[1,2],"7":[1,1],"8":[3,3],"9":[3,3]},"meta":{"lastBranch":10,"lastFunction":9,"lastStatement":29,"seen":{"s:6:6:6:Infinity":0,"s:7:14:7:Infinity":1,"s:13:6:18:Infinity":2,"f:13:29:13:35":0,"s:14:2:17:Infinity":3,"f:14:30:14:Infinity":1,"s:15:4:16:Infinity":4,"b:15:4:15:Infinity:16:5:16:Infinity":0,"s:20:6:20:Infinity":5,"f:20:27:20:33":2,"s:20:33:20:51":6,"s:21:6:21:Infinity":7,"f:21:25:21:31":3,"s:21:31:21:126":8,"b:21:31:21:67:21:67:21:109:21:109:21:126":1,"s:23:6:23:Infinity":9,"f:23:26:23:32":4,"s:23:32:23:57":10,"s:24:6:24:Infinity":11,"f:24:25:24:31":5,"s:24:31:24:55":12,"s:25:6:25:Infinity":13,"f:25:25:25:31":6,"s:25:31:25:80":14,"b:25:31:25:66:25:66:25:80":2,"s:28:27:36:Infinity":15,"f:28:27:28:28":7,"s:29:20:29:Infinity":16,"b:30:2:35:Infinity:undefined:undefined:undefined:undefined":3,"s:30:2:35:Infinity":17,"s:31:22:31:Infinity":18,"b:32:4:34:Infinity:undefined:undefined:undefined:undefined":4,"s:32:4:34:Infinity":19,"s:33:6:33:Infinity":20,"s:48:9:48:Infinity":21,"s:49:11:49:Infinity":22,"s:54:14:54:Infinity":23,"s:59:11:59:Infinity":24,"s:69:9:69:Infinity":25,"s:78:11:78:Infinity":26,"s:40:2:79:Infinity":27,"b:41:89:42:48:42:48:42:133":5,"b:50:20:50:Infinity:51:25:52:72":6,"b:51:25:51:82:51:75:52:72":7,"b:61:16:61:23:61:16:61:Infinity":8,"f:61:16:61:23":8,"s:61:23:61:Infinity":28,"b:75:8:75:14:75:8:75:62":9}}}
,"/Users/stream/codes/ganglia/ganglia-webui/src/services/eventbus.ts": {"path":"/Users/stream/codes/ganglia/ganglia-webui/src/services/eventbus.ts","statementMap":{"0":{"start":{"line":10,"column":24},"end":{"line":10,"column":null}},"1":{"start":{"line":12,"column":31},"end":{"line":12,"column":null}},"2":{"start":{"line":13,"column":34},"end":{"line":13,"column":null}},"3":{"start":{"line":14,"column":36},"end":{"line":14,"column":null}},"4":{"start":{"line":17,"column":4},"end":{"line":19,"column":null}},"5":{"start":{"line":18,"column":6},"end":{"line":18,"column":null}},"6":{"start":{"line":23,"column":10},"end":{"line":23,"column":null}},"7":{"start":{"line":24,"column":4},"end":{"line":24,"column":null}},"8":{"start":{"line":26,"column":4},"end":{"line":31,"column":null}},"9":{"start":{"line":33,"column":4},"end":{"line":65,"column":null}},"10":{"start":{"line":34,"column":6},"end":{"line":34,"column":null}},"11":{"start":{"line":35,"column":6},"end":{"line":35,"column":null}},"12":{"start":{"line":36,"column":6},"end":{"line":36,"column":null}},"13":{"start":{"line":38,"column":27},"end":{"line":38,"column":null}},"14":{"start":{"line":41,"column":6},"end":{"line":47,"column":null}},"15":{"start":{"line":42,"column":8},"end":{"line":46,"column":null}},"16":{"start":{"line":43,"column":16},"end":{"line":43,"column":null}},"17":{"start":{"line":44,"column":10},"end":{"line":44,"column":null}},"18":{"start":{"line":45,"column":10},"end":{"line":45,"column":null}},"19":{"start":{"line":45,"column":61},"end":{"line":45,"column":85}},"20":{"start":{"line":50,"column":6},"end":{"line":50,"column":null}},"21":{"start":{"line":52,"column":6},"end":{"line":58,"column":null}},"22":{"start":{"line":53,"column":8},"end":{"line":56,"column":null}},"23":{"start":{"line":54,"column":10},"end":{"line":54,"column":null}},"24":{"start":{"line":55,"column":10},"end":{"line":55,"column":null}},"25":{"start":{"line":57,"column":8},"end":{"line":57,"column":null}},"26":{"start":{"line":60,"column":23},"end":{"line":60,"column":null}},"27":{"start":{"line":61,"column":6},"end":{"line":64,"column":null}},"28":{"start":{"line":62,"column":8},"end":{"line":62,"column":null}},"29":{"start":{"line":62,"column":19},"end":{"line":62,"column":null}},"30":{"start":{"line":63,"column":8},"end":{"line":63,"column":null}},"31":{"start":{"line":67,"column":4},"end":{"line":73,"column":null}},"32":{"start":{"line":68,"column":6},"end":{"line":68,"column":null}},"33":{"start":{"line":69,"column":6},"end":{"line":69,"column":null}},"34":{"start":{"line":70,"column":6},"end":{"line":72,"column":null}},"35":{"start":{"line":71,"column":8},"end":{"line":71,"column":null}},"36":{"start":{"line":77,"column":4},"end":{"line":77,"column":null}},"37":{"start":{"line":77,"column":47},"end":{"line":77,"column":null}},"38":{"start":{"line":79,"column":10},"end":{"line":79,"column":null}},"39":{"start":{"line":80,"column":4},"end":{"line":80,"column":null}},"40":{"start":{"line":82,"column":4},"end":{"line":82,"column":null}},"41":{"start":{"line":83,"column":18},"end":{"line":83,"column":null}},"42":{"start":{"line":85,"column":4},"end":{"line":85,"column":null}},"43":{"start":{"line":86,"column":4},"end":{"line":88,"column":null}},"44":{"start":{"line":87,"column":6},"end":{"line":87,"column":null}},"45":{"start":{"line":92,"column":10},"end":{"line":92,"column":null}},"46":{"start":{"line":93,"column":4},"end":{"line":93,"column":null}},"47":{"start":{"line":93,"column":44},"end":{"line":93,"column":null}},"48":{"start":{"line":95,"column":20},"end":{"line":99,"column":null}},"49":{"start":{"line":101,"column":4},"end":{"line":101,"column":null}},"50":{"start":{"line":105,"column":10},"end":{"line":105,"column":null}},"51":{"start":{"line":106,"column":4},"end":{"line":106,"column":null}},"52":{"start":{"line":110,"column":10},"end":{"line":110,"column":null}},"53":{"start":{"line":111,"column":4},"end":{"line":113,"column":null}},"54":{"start":{"line":112,"column":6},"end":{"line":112,"column":null}},"55":{"start":{"line":117,"column":4},"end":{"line":117,"column":null}},"56":{"start":{"line":118,"column":4},"end":{"line":120,"column":null}},"57":{"start":{"line":119,"column":6},"end":{"line":119,"column":null}},"58":{"start":{"line":124,"column":31},"end":{"line":124,"column":null}}},"fnMap":{"0":{"name":"(anonymous_0)","decl":{"start":{"line":16,"column":2},"end":{"line":16,"column":16}},"loc":{"start":{"line":16,"column":16},"end":{"line":20,"column":null}},"line":16},"1":{"name":"(anonymous_1)","decl":{"start":{"line":22,"column":2},"end":{"line":22,"column":12}},"loc":{"start":{"line":22,"column":12},"end":{"line":74,"column":null}},"line":22},"2":{"name":"(anonymous_2)","decl":{"start":{"line":33,"column":21},"end":{"line":33,"column":27}},"loc":{"start":{"line":33,"column":27},"end":{"line":65,"column":null}},"line":33},"3":{"name":"(anonymous_3)","decl":{"start":{"line":41,"column":91},"end":{"line":41,"column":92}},"loc":{"start":{"line":41,"column":117},"end":{"line":47,"column":7}},"line":41},"4":{"name":"(anonymous_4)","decl":{"start":{"line":45,"column":37},"end":{"line":45,"column":38}},"loc":{"start":{"line":45,"column":61},"end":{"line":45,"column":85}},"line":45},"5":{"name":"(anonymous_5)","decl":{"start":{"line":52,"column":44},"end":{"line":52,"column":45}},"loc":{"start":{"line":52,"column":92},"end":{"line":58,"column":7}},"line":52},"6":{"name":"(anonymous_6)","decl":{"start":{"line":61,"column":40},"end":{"line":61,"column":41}},"loc":{"start":{"line":61,"column":84},"end":{"line":64,"column":7}},"line":61},"7":{"name":"(anonymous_7)","decl":{"start":{"line":67,"column":22},"end":{"line":67,"column":28}},"loc":{"start":{"line":67,"column":28},"end":{"line":73,"column":null}},"line":67},"8":{"name":"(anonymous_8)","decl":{"start":{"line":76,"column":10},"end":{"line":76,"column":22}},"loc":{"start":{"line":76,"column":22},"end":{"line":89,"column":null}},"line":76},"9":{"name":"(anonymous_9)","decl":{"start":{"line":86,"column":37},"end":{"line":86,"column":43}},"loc":{"start":{"line":86,"column":43},"end":{"line":88,"column":7}},"line":86},"10":{"name":"(anonymous_10)","decl":{"start":{"line":91,"column":2},"end":{"line":91,"column":7}},"loc":{"start":{"line":91,"column":43},"end":{"line":102,"column":null}},"line":91},"11":{"name":"(anonymous_11)","decl":{"start":{"line":104,"column":10},"end":{"line":104,"column":28}},"loc":{"start":{"line":104,"column":48},"end":{"line":107,"column":null}},"line":104},"12":{"name":"(anonymous_12)","decl":{"start":{"line":109,"column":10},"end":{"line":109,"column":25}},"loc":{"start":{"line":109,"column":41},"end":{"line":114,"column":null}},"line":109},"13":{"name":"(anonymous_13)","decl":{"start":{"line":116,"column":2},"end":{"line":116,"column":10}},"loc":{"start":{"line":116,"column":10},"end":{"line":121,"column":null}},"line":116}},"branchMap":{"0":{"loc":{"start":{"line":17,"column":4},"end":{"line":19,"column":null}},"type":"if","locations":[{"start":{"line":17,"column":4},"end":{"line":19,"column":null}},{"start":{},"end":{}}],"line":17},"1":{"loc":{"start":{"line":42,"column":8},"end":{"line":46,"column":null}},"type":"if","locations":[{"start":{"line":42,"column":8},"end":{"line":46,"column":null}},{"start":{},"end":{}}],"line":42},"2":{"loc":{"start":{"line":42,"column":12},"end":{"line":42,"column":63}},"type":"binary-expr","locations":[{"start":{"line":42,"column":12},"end":{"line":42,"column":20}},{"start":{"line":42,"column":20},"end":{"line":42,"column":29}},{"start":{"line":42,"column":29},"end":{"line":42,"column":43}},{"start":{"line":42,"column":43},"end":{"line":42,"column":63}}],"line":42},"3":{"loc":{"start":{"line":53,"column":8},"end":{"line":56,"column":null}},"type":"if","locations":[{"start":{"line":53,"column":8},"end":{"line":56,"column":null}},{"start":{},"end":{}}],"line":53},"4":{"loc":{"start":{"line":62,"column":8},"end":{"line":62,"column":null}},"type":"if","locations":[{"start":{"line":62,"column":8},"end":{"line":62,"column":null}},{"start":{},"end":{}}],"line":62},"5":{"loc":{"start":{"line":70,"column":6},"end":{"line":72,"column":null}},"type":"if","locations":[{"start":{"line":70,"column":6},"end":{"line":72,"column":null}},{"start":{},"end":{}}],"line":70},"6":{"loc":{"start":{"line":77,"column":4},"end":{"line":77,"column":null}},"type":"if","locations":[{"start":{"line":77,"column":4},"end":{"line":77,"column":null}},{"start":{},"end":{}}],"line":77},"7":{"loc":{"start":{"line":93,"column":4},"end":{"line":93,"column":null}},"type":"if","locations":[{"start":{"line":93,"column":4},"end":{"line":93,"column":null}},{"start":{},"end":{}}],"line":93},"8":{"loc":{"start":{"line":111,"column":4},"end":{"line":113,"column":null}},"type":"if","locations":[{"start":{"line":111,"column":4},"end":{"line":113,"column":null}},{"start":{},"end":{}}],"line":111},"9":{"loc":{"start":{"line":111,"column":8},"end":{"line":111,"column":40}},"type":"binary-expr","locations":[{"start":{"line":111,"column":8},"end":{"line":111,"column":28}},{"start":{"line":111,"column":28},"end":{"line":111,"column":40}}],"line":111},"10":{"loc":{"start":{"line":118,"column":4},"end":{"line":120,"column":null}},"type":"if","locations":[{"start":{"line":118,"column":4},"end":{"line":120,"column":null}},{"start":{},"end":{}}],"line":118}},"s":{"0":1,"1":1,"2":1,"3":1,"4":1,"5":1,"6":1,"7":1,"8":1,"9":1,"10":0,"11":0,"12":0,"13":0,"14":0,"15":0,"16":0,"17":0,"18":0,"19":0,"20":0,"21":0,"22":0,"23":0,"24":0,"25":0,"26":0,"27":0,"28":0,"29":0,"30":0,"31":1,"32":0,"33":0,"34":0,"35":0,"36":0,"37":0,"38":0,"39":0,"40":0,"41":0,"42":0,"43":0,"44":0,"45":1,"46":1,"47":1,"48":0,"49":0,"50":0,"51":0,"52":0,"53":0,"54":0,"55":0,"56":0,"57":0,"58":1},"f":{"0":1,"1":1,"2":0,"3":0,"4":0,"5":0,"6":0,"7":0,"8":0,"9":0,"10":1,"11":0,"12":0,"13":0},"b":{"0":[1,0],"1":[0,0],"2":[0,0,0,0],"3":[0,0],"4":[0,0],"5":[0,0],"6":[0,0],"7":[1,0],"8":[0,0],"9":[0,0],"10":[0,0]},"meta":{"lastBranch":11,"lastFunction":14,"lastStatement":59,"seen":{"s:10:24:10:Infinity":0,"s:12:31:12:Infinity":1,"s:13:34:13:Infinity":2,"s:14:36:14:Infinity":3,"f:16:2:16:16":0,"b:17:4:19:Infinity:undefined:undefined:undefined:undefined":0,"s:17:4:19:Infinity":4,"s:18:6:18:Infinity":5,"f:22:2:22:12":1,"s:23:10:23:Infinity":6,"s:24:4:24:Infinity":7,"s:26:4:31:Infinity":8,"s:33:4:65:Infinity":9,"f:33:21:33:27":2,"s:34:6:34:Infinity":10,"s:35:6:35:Infinity":11,"s:36:6:36:Infinity":12,"s:38:27:38:Infinity":13,"s:41:6:47:Infinity":14,"f:41:91:41:92":3,"b:42:8:46:Infinity:undefined:undefined:undefined:undefined":1,"s:42:8:46:Infinity":15,"b:42:12:42:20:42:20:42:29:42:29:42:43:42:43:42:63":2,"s:43:16:43:Infinity":16,"s:44:10:44:Infinity":17,"s:45:10:45:Infinity":18,"f:45:37:45:38":4,"s:45:61:45:85":19,"s:50:6:50:Infinity":20,"s:52:6:58:Infinity":21,"f:52:44:52:45":5,"b:53:8:56:Infinity:undefined:undefined:undefined:undefined":3,"s:53:8:56:Infinity":22,"s:54:10:54:Infinity":23,"s:55:10:55:Infinity":24,"s:57:8:57:Infinity":25,"s:60:23:60:Infinity":26,"s:61:6:64:Infinity":27,"f:61:40:61:41":6,"b:62:8:62:Infinity:undefined:undefined:undefined:undefined":4,"s:62:8:62:Infinity":28,"s:62:19:62:Infinity":29,"s:63:8:63:Infinity":30,"s:67:4:73:Infinity":31,"f:67:22:67:28":7,"s:68:6:68:Infinity":32,"s:69:6:69:Infinity":33,"b:70:6:72:Infinity:undefined:undefined:undefined:undefined":5,"s:70:6:72:Infinity":34,"s:71:8:71:Infinity":35,"f:76:10:76:22":8,"b:77:4:77:Infinity:undefined:undefined:undefined:undefined":6,"s:77:4:77:Infinity":36,"s:77:47:77:Infinity":37,"s:79:10:79:Infinity":38,"s:80:4:80:Infinity":39,"s:82:4:82:Infinity":40,"s:83:18:83:Infinity":41,"s:85:4:85:Infinity":42,"s:86:4:88:Infinity":43,"f:86:37:86:43":9,"s:87:6:87:Infinity":44,"f:91:2:91:7":10,"s:92:10:92:Infinity":45,"b:93:4:93:Infinity:undefined:undefined:undefined:undefined":7,"s:93:4:93:Infinity":46,"s:93:44:93:Infinity":47,"s:95:20:99:Infinity":48,"s:101:4:101:Infinity":49,"f:104:10:104:28":11,"s:105:10:105:Infinity":50,"s:106:4:106:Infinity":51,"f:109:10:109:25":12,"s:110:10:110:Infinity":52,"b:111:4:113:Infinity:undefined:undefined:undefined:undefined":8,"s:111:4:113:Infinity":53,"b:111:8:111:28:111:28:111:40":9,"s:112:6:112:Infinity":54,"f:116:2:116:10":13,"s:117:4:117:Infinity":55,"b:118:4:120:Infinity:undefined:undefined:undefined:undefined":10,"s:118:4:120:Infinity":56,"s:119:6:119:Infinity":57,"s:124:31:124:Infinity":58}}}
,"/Users/stream/codes/ganglia/ganglia-webui/src/stores/log.ts": {"path":"/Users/stream/codes/ganglia/ganglia-webui/src/stores/log.ts","statementMap":{"0":{"start":{"line":4,"column":13},"end":{"line":46,"column":null}},"1":{"start":{"line":5,"column":16},"end":{"line":13,"column":null}},"2":{"start":{"line":16,"column":6},"end":{"line":16,"column":null}},"3":{"start":{"line":19,"column":6},"end":{"line":24,"column":null}},"4":{"start":{"line":20,"column":21},"end":{"line":20,"column":null}},"5":{"start":{"line":21,"column":8},"end":{"line":23,"column":null}},"6":{"start":{"line":22,"column":10},"end":{"line":22,"column":null}},"7":{"start":{"line":26,"column":6},"end":{"line":29,"column":null}},"8":{"start":{"line":27,"column":21},"end":{"line":27,"column":null}},"9":{"start":{"line":28,"column":8},"end":{"line":28,"column":null}},"10":{"start":{"line":31,"column":6},"end":{"line":33,"column":null}},"11":{"start":{"line":32,"column":8},"end":{"line":32,"column":null}},"12":{"start":{"line":36,"column":6},"end":{"line":38,"column":null}},"13":{"start":{"line":37,"column":8},"end":{"line":37,"column":null}},"14":{"start":{"line":41,"column":6},"end":{"line":41,"column":null}},"15":{"start":{"line":42,"column":6},"end":{"line":42,"column":null}},"16":{"start":{"line":43,"column":6},"end":{"line":43,"column":null}}},"fnMap":{"0":{"name":"(anonymous_0)","decl":{"start":{"line":5,"column":9},"end":{"line":5,"column":16}},"loc":{"start":{"line":5,"column":16},"end":{"line":13,"column":null}},"line":5},"1":{"name":"(anonymous_1)","decl":{"start":{"line":15,"column":4},"end":{"line":15,"column":13}},"loc":{"start":{"line":15,"column":33},"end":{"line":34,"column":null}},"line":15},"2":{"name":"(anonymous_2)","decl":{"start":{"line":35,"column":4},"end":{"line":35,"column":14}},"loc":{"start":{"line":35,"column":48},"end":{"line":39,"column":null}},"line":35},"3":{"name":"(anonymous_3)","decl":{"start":{"line":40,"column":4},"end":{"line":40,"column":12}},"loc":{"start":{"line":40,"column":12},"end":{"line":44,"column":null}},"line":40}},"branchMap":{"0":{"loc":{"start":{"line":19,"column":6},"end":{"line":24,"column":null}},"type":"if","locations":[{"start":{"line":19,"column":6},"end":{"line":24,"column":null}},{"start":{},"end":{}}],"line":19},"1":{"loc":{"start":{"line":21,"column":8},"end":{"line":23,"column":null}},"type":"if","locations":[{"start":{"line":21,"column":8},"end":{"line":23,"column":null}},{"start":{},"end":{}}],"line":21},"2":{"loc":{"start":{"line":21,"column":12},"end":{"line":21,"column":71}},"type":"binary-expr","locations":[{"start":{"line":21,"column":12},"end":{"line":21,"column":31}},{"start":{"line":21,"column":31},"end":{"line":21,"column":71}}],"line":21},"3":{"loc":{"start":{"line":26,"column":6},"end":{"line":29,"column":null}},"type":"if","locations":[{"start":{"line":26,"column":6},"end":{"line":29,"column":null}},{"start":{},"end":{}}],"line":26},"4":{"loc":{"start":{"line":31,"column":6},"end":{"line":33,"column":null}},"type":"if","locations":[{"start":{"line":31,"column":6},"end":{"line":33,"column":null}},{"start":{},"end":{}}],"line":31},"5":{"loc":{"start":{"line":36,"column":6},"end":{"line":38,"column":null}},"type":"if","locations":[{"start":{"line":36,"column":6},"end":{"line":38,"column":null}},{"start":{},"end":{}}],"line":36}},"s":{"0":2,"1":4,"2":2,"3":2,"4":1,"5":1,"6":1,"7":2,"8":0,"9":0,"10":2,"11":0,"12":1,"13":1,"14":1,"15":1,"16":1},"f":{"0":4,"1":2,"2":1,"3":1},"b":{"0":[1,1],"1":[1,0],"2":[1,1],"3":[0,2],"4":[0,2],"5":[1,0]},"meta":{"lastBranch":6,"lastFunction":4,"lastStatement":17,"seen":{"s:4:13:46:Infinity":0,"f:5:9:5:16":0,"s:5:16:13:Infinity":1,"f:15:4:15:13":1,"s:16:6:16:Infinity":2,"b:19:6:24:Infinity:undefined:undefined:undefined:undefined":0,"s:19:6:24:Infinity":3,"s:20:21:20:Infinity":4,"b:21:8:23:Infinity:undefined:undefined:undefined:undefined":1,"s:21:8:23:Infinity":5,"b:21:12:21:31:21:31:21:71":2,"s:22:10:22:Infinity":6,"b:26:6:29:Infinity:undefined:undefined:undefined:undefined":3,"s:26:6:29:Infinity":7,"s:27:21:27:Infinity":8,"s:28:8:28:Infinity":9,"b:31:6:33:Infinity:undefined:undefined:undefined:undefined":4,"s:31:6:33:Infinity":10,"s:32:8:32:Infinity":11,"f:35:4:35:14":2,"b:36:6:38:Infinity:undefined:undefined:undefined:undefined":5,"s:36:6:38:Infinity":12,"s:37:8:37:Infinity":13,"f:40:4:40:12":3,"s:41:6:41:Infinity":14,"s:42:6:42:Infinity":15,"s:43:6:43:Infinity":16}}}
,"/Users/stream/codes/ganglia/ganglia-webui/src/stores/system.ts": {"path":"/Users/stream/codes/ganglia/ganglia-webui/src/stores/system.ts","statementMap":{"0":{"start":{"line":6,"column":13},"end":{"line":40,"column":null}},"1":{"start":{"line":7,"column":16},"end":{"line":14,"column":null}},"2":{"start":{"line":17,"column":6},"end":{"line":17,"column":null}},"3":{"start":{"line":23,"column":6},"end":{"line":29,"column":null}},"4":{"start":{"line":24,"column":8},"end":{"line":24,"column":null}},"5":{"start":{"line":26,"column":8},"end":{"line":26,"column":null}},"6":{"start":{"line":27,"column":8},"end":{"line":27,"column":null}},"7":{"start":{"line":28,"column":8},"end":{"line":28,"column":null}},"8":{"start":{"line":32,"column":6},"end":{"line":32,"column":null}},"9":{"start":{"line":33,"column":6},"end":{"line":33,"column":null}},"10":{"start":{"line":34,"column":6},"end":{"line":34,"column":null}},"11":{"start":{"line":37,"column":6},"end":{"line":37,"column":null}}},"fnMap":{"0":{"name":"(anonymous_0)","decl":{"start":{"line":7,"column":9},"end":{"line":7,"column":16}},"loc":{"start":{"line":7,"column":16},"end":{"line":14,"column":null}},"line":7},"1":{"name":"(anonymous_1)","decl":{"start":{"line":16,"column":4},"end":{"line":16,"column":14}},"loc":{"start":{"line":16,"column":40},"end":{"line":18,"column":null}},"line":16},"2":{"name":"(anonymous_2)","decl":{"start":{"line":19,"column":4},"end":{"line":19,"column":17}},"loc":{"start":{"line":19,"column":30},"end":{"line":21,"column":null}},"line":19},"3":{"name":"(anonymous_3)","decl":{"start":{"line":22,"column":4},"end":{"line":22,"column":20}},"loc":{"start":{"line":22,"column":88},"end":{"line":30,"column":null}},"line":22},"4":{"name":"(anonymous_4)","decl":{"start":{"line":31,"column":4},"end":{"line":31,"column":24}},"loc":{"start":{"line":31,"column":38},"end":{"line":35,"column":null}},"line":31},"5":{"name":"(anonymous_5)","decl":{"start":{"line":36,"column":4},"end":{"line":36,"column":21}},"loc":{"start":{"line":36,"column":21},"end":{"line":38,"column":null}},"line":36}},"branchMap":{"0":{"loc":{"start":{"line":9,"column":15},"end":{"line":9,"column":null}},"type":"binary-expr","locations":[{"start":{"line":9,"column":15},"end":{"line":9,"column":61}},{"start":{"line":9,"column":61},"end":{"line":9,"column":null}}],"line":9},"1":{"loc":{"start":{"line":22,"column":20},"end":{"line":22,"column":54}},"type":"default-arg","locations":[{"start":{"line":22,"column":48},"end":{"line":22,"column":54}}],"line":22},"2":{"loc":{"start":{"line":22,"column":54},"end":{"line":22,"column":88}},"type":"default-arg","locations":[{"start":{"line":22,"column":76},"end":{"line":22,"column":88}}],"line":22},"3":{"loc":{"start":{"line":23,"column":6},"end":{"line":29,"column":null}},"type":"if","locations":[{"start":{"line":23,"column":6},"end":{"line":29,"column":null}},{"start":{"line":25,"column":13},"end":{"line":29,"column":null}}],"line":23},"4":{"loc":{"start":{"line":23,"column":10},"end":{"line":23,"column":106}},"type":"binary-expr","locations":[{"start":{"line":23,"column":10},"end":{"line":23,"column":53}},{"start":{"line":23,"column":53},"end":{"line":23,"column":77}},{"start":{"line":23,"column":77},"end":{"line":23,"column":106}}],"line":23}},"s":{"0":4,"1":13,"2":1,"3":4,"4":1,"5":3,"6":3,"7":3,"8":1,"9":1,"10":1,"11":1},"f":{"0":13,"1":1,"2":0,"3":4,"4":1,"5":1},"b":{"0":[13,13],"1":[4],"2":[4],"3":[1,3],"4":[4,2,1]},"meta":{"lastBranch":5,"lastFunction":6,"lastStatement":12,"seen":{"s:6:13:40:Infinity":0,"f:7:9:7:16":0,"s:7:16:14:Infinity":1,"b:9:15:9:61:9:61:9:Infinity":0,"f:16:4:16:14":1,"s:17:6:17:Infinity":2,"f:19:4:19:17":2,"f:22:4:22:20":3,"b:22:48:22:54":1,"b:22:76:22:88":2,"b:23:6:29:Infinity:25:13:29:Infinity":3,"s:23:6:29:Infinity":3,"b:23:10:23:53:23:53:23:77:23:77:23:106":4,"s:24:8:24:Infinity":4,"s:26:8:26:Infinity":5,"s:27:8:27:Infinity":6,"s:28:8:28:Infinity":7,"f:31:4:31:24":4,"s:32:6:32:Infinity":8,"s:33:6:33:Infinity":9,"s:34:6:34:Infinity":10,"f:36:4:36:21":5,"s:37:6:37:Infinity":11}}}
}
