{"/Users/stream/codes/ganglia/ganglia-webui/src/components/StatusBar.vue": {"path":"/Users/stream/codes/ganglia/ganglia-webui/src/components/StatusBar.vue","statementMap":{"0":{"start":{"line":7,"column":6},"end":{"line":7,"column":null}},"1":{"start":{"line":8,"column":6},"end":{"line":8,"column":null}},"2":{"start":{"line":10,"column":6},"end":{"line":15,"column":null}},"3":{"start":{"line":11,"column":2},"end":{"line":11,"column":null}},"4":{"start":{"line":11,"column":33},"end":{"line":11,"column":null}},"5":{"start":{"line":12,"column":21},"end":{"line":12,"column":null}},"6":{"start":{"line":12,"column":49},"end":{"line":12,"column":72}},"7":{"start":{"line":13,"column":22},"end":{"line":13,"column":null}},"8":{"start":{"line":13,"column":50},"end":{"line":13,"column":74}},"9":{"start":{"line":14,"column":2},"end":{"line":14,"column":null}},"10":{"start":{"line":18,"column":0},"end":{"line":41,"column":null}},"11":{"start":{"line":18,"column":12},"end":{"line":18,"column":36}},"12":{"start":{"line":19,"column":17},"end":{"line":19,"column":null}},"13":{"start":{"line":20,"column":2},"end":{"line":23,"column":null}},"14":{"start":{"line":21,"column":4},"end":{"line":21,"column":null}},"15":{"start":{"line":22,"column":4},"end":{"line":22,"column":null}},"16":{"start":{"line":25,"column":20},"end":{"line":25,"column":null}},"17":{"start":{"line":26,"column":29},"end":{"line":26,"column":null}},"18":{"start":{"line":28,"column":2},"end":{"line":36,"column":null}},"19":{"start":{"line":29,"column":4},"end":{"line":29,"column":null}},"20":{"start":{"line":30,"column":2},"end":{"line":36,"column":null}},"21":{"start":{"line":31,"column":4},"end":{"line":31,"column":null}},"22":{"start":{"line":32,"column":2},"end":{"line":36,"column":null}},"23":{"start":{"line":33,"column":4},"end":{"line":33,"column":null}},"24":{"start":{"line":34,"column":2},"end":{"line":36,"column":null}},"25":{"start":{"line":35,"column":4},"end":{"line":35,"column":null}},"26":{"start":{"line":38,"column":2},"end":{"line":40,"column":null}},"27":{"start":{"line":39,"column":4},"end":{"line":39,"column":null}},"28":{"start":{"line":43,"column":18},"end":{"line":56,"column":null}},"29":{"start":{"line":44,"column":2},"end":{"line":44,"column":null}},"30":{"start":{"line":46,"column":2},"end":{"line":55,"column":null}},"31":{"start":{"line":58,"column":19},"end":{"line":66,"column":null}},"32":{"start":{"line":59,"column":2},"end":{"line":59,"column":null}},"33":{"start":{"line":59,"column":38},"end":{"line":59,"column":null}},"34":{"start":{"line":61,"column":16},"end":{"line":61,"column":null}},"35":{"start":{"line":62,"column":2},"end":{"line":64,"column":null}},"36":{"start":{"line":63,"column":4},"end":{"line":63,"column":null}},"37":{"start":{"line":65,"column":2},"end":{"line":65,"column":null}},"38":{"start":{"line":75,"column":10},"end":{"line":75,"column":null}},"39":{"start":{"line":80,"column":7},"end":{"line":80,"column":null}},"40":{"start":{"line":81,"column":9},"end":{"line":81,"column":null}},"41":{"start":{"line":82,"column":11},"end":{"line":82,"column":null}},"42":{"start":{"line":88,"column":11},"end":{"line":88,"column":null}},"43":{"start":{"line":107,"column":14},"end":{"line":107,"column":null}}},"fnMap":{"0":{"name":"(anonymous_0)","decl":{"start":{"line":10,"column":29},"end":{"line":10,"column":35}},"loc":{"start":{"line":10,"column":35},"end":{"line":15,"column":1}},"line":10},"1":{"name":"(anonymous_1)","decl":{"start":{"line":12,"column":44},"end":{"line":12,"column":49}},"loc":{"start":{"line":12,"column":49},"end":{"line":12,"column":72}},"line":12},"2":{"name":"(anonymous_2)","decl":{"start":{"line":13,"column":45},"end":{"line":13,"column":50}},"loc":{"start":{"line":13,"column":50},"end":{"line":13,"column":74}},"line":13},"3":{"name":"(anonymous_3)","decl":{"start":{"line":18,"column":6},"end":{"line":18,"column":12}},"loc":{"start":{"line":18,"column":12},"end":{"line":18,"column":36}},"line":18},"4":{"name":"(anonymous_4)","decl":{"start":{"line":18,"column":36},"end":{"line":18,"column":42}},"loc":{"start":{"line":18,"column":42},"end":{"line":41,"column":1}},"line":18},"5":{"name":"(anonymous_5)","decl":{"start":{"line":43,"column":18},"end":{"line":43,"column":24}},"loc":{"start":{"line":43,"column":24},"end":{"line":56,"column":null}},"line":43},"6":{"name":"(anonymous_6)","decl":{"start":{"line":58,"column":19},"end":{"line":58,"column":20}},"loc":{"start":{"line":58,"column":37},"end":{"line":66,"column":null}},"line":58}},"branchMap":{"0":{"loc":{"start":{"line":11,"column":2},"end":{"line":11,"column":null}},"type":"if","locations":[{"start":{"line":11,"column":2},"end":{"line":11,"column":null}},{"start":{},"end":{}}],"line":11},"1":{"loc":{"start":{"line":20,"column":2},"end":{"line":23,"column":null}},"type":"if","locations":[{"start":{"line":20,"column":2},"end":{"line":23,"column":null}},{"start":{},"end":{}}],"line":20},"2":{"loc":{"start":{"line":28,"column":2},"end":{"line":36,"column":null}},"type":"if","locations":[{"start":{"line":28,"column":2},"end":{"line":36,"column":null}},{"start":{"line":30,"column":2},"end":{"line":36,"column":null}}],"line":28},"3":{"loc":{"start":{"line":30,"column":2},"end":{"line":36,"column":null}},"type":"if","locations":[{"start":{"line":30,"column":2},"end":{"line":36,"column":null}},{"start":{"line":32,"column":2},"end":{"line":36,"column":null}}],"line":30},"4":{"loc":{"start":{"line":30,"column":13},"end":{"line":30,"column":67}},"type":"binary-expr","locations":[{"start":{"line":30,"column":13},"end":{"line":30,"column":48}},{"start":{"line":30,"column":48},"end":{"line":30,"column":67}}],"line":30},"5":{"loc":{"start":{"line":32,"column":2},"end":{"line":36,"column":null}},"type":"if","locations":[{"start":{"line":32,"column":2},"end":{"line":36,"column":null}},{"start":{"line":34,"column":2},"end":{"line":36,"column":null}}],"line":32},"6":{"loc":{"start":{"line":34,"column":2},"end":{"line":36,"column":null}},"type":"if","locations":[{"start":{"line":34,"column":2},"end":{"line":36,"column":null}},{"start":{},"end":{}}],"line":34},"7":{"loc":{"start":{"line":34,"column":13},"end":{"line":34,"column":102}},"type":"binary-expr","locations":[{"start":{"line":34,"column":13},"end":{"line":34,"column":51}},{"start":{"line":34,"column":51},"end":{"line":34,"column":102}}],"line":34},"8":{"loc":{"start":{"line":38,"column":2},"end":{"line":40,"column":null}},"type":"if","locations":[{"start":{"line":38,"column":2},"end":{"line":40,"column":null}},{"start":{},"end":{}}],"line":38},"9":{"loc":{"start":{"line":59,"column":2},"end":{"line":59,"column":null}},"type":"if","locations":[{"start":{"line":59,"column":2},"end":{"line":59,"column":null}},{"start":{},"end":{}}],"line":59},"10":{"loc":{"start":{"line":59,"column":6},"end":{"line":59,"column":38}},"type":"binary-expr","locations":[{"start":{"line":59,"column":6},"end":{"line":59,"column":15}},{"start":{"line":59,"column":15},"end":{"line":59,"column":38}}],"line":59},"11":{"loc":{"start":{"line":62,"column":2},"end":{"line":64,"column":null}},"type":"if","locations":[{"start":{"line":62,"column":2},"end":{"line":64,"column":null}},{"start":{},"end":{}}],"line":62},"12":{"loc":{"start":{"line":71,"column":10},"end":{"line":76,"column":null}},"type":"cond-expr","locations":[{"start":{"line":71,"column":28},"end":{"line":76,"column":null}},{"start":{"line":76,"column":27},"end":{"line":76,"column":null}}],"line":71},"13":{"loc":{"start":{"line":78,"column":8},"end":{"line":74,"column":63}},"type":"binary-expr","locations":[{"start":{"line":78,"column":8},"end":{"line":78,"column":null}},{"start":{"line":78,"column":8},"end":{"line":74,"column":63}}],"line":78},"14":{"loc":{"start":{"line":76,"column":9},"end":{"line":76,"column":null}},"type":"cond-expr","locations":[{"start":{"line":76,"column":27},"end":{"line":76,"column":null}},{"start":{"line":76,"column":27},"end":{"line":76,"column":null}}],"line":76},"15":{"loc":{"start":{"line":83,"column":50},"end":{"line":83,"column":166}},"type":"cond-expr","locations":[{"start":{"line":83,"column":68},"end":{"line":83,"column":166}},{"start":{"line":83,"column":68},"end":{"line":83,"column":166}}],"line":83},"16":{"loc":{"start":{"line":84,"column":8},"end":{"line":84,"column":103}},"type":"binary-expr","locations":[{"start":{"line":84,"column":8},"end":{"line":84,"column":14}},{"start":{"line":84,"column":8},"end":{"line":84,"column":103}}],"line":84},"17":{"loc":{"start":{"line":102,"column":12},"end":{"line":89,"column":97}},"type":"binary-expr","locations":[{"start":{"line":102,"column":12},"end":{"line":102,"column":null}},{"start":{"line":102,"column":12},"end":{"line":89,"column":97}}],"line":102},"18":{"loc":{"start":{"line":110,"column":12},"end":{"line":106,"column":101}},"type":"binary-expr","locations":[{"start":{"line":110,"column":12},"end":{"line":110,"column":null}},{"start":{"line":110,"column":12},"end":{"line":106,"column":101}}],"line":110},"19":{"loc":{"start":{"line":116,"column":14},"end":{"line":116,"column":null}},"type":"cond-expr","locations":[{"start":{"line":116,"column":25},"end":{"line":116,"column":null}},{"start":{"line":116,"column":25},"end":{"line":116,"column":null}}],"line":116}},"s":{"0":3,"1":3,"2":3,"3":3,"4":0,"5":3,"6":0,"7":3,"8":0,"9":3,"10":3,"11":3,"12":0,"13":0,"14":0,"15":0,"16":0,"17":0,"18":0,"19":0,"20":0,"21":0,"22":0,"23":0,"24":0,"25":0,"26":0,"27":0,"28":3,"29":0,"30":0,"31":3,"32":3,"33":3,"34":0,"35":0,"36":0,"37":0,"38":1,"39":1,"40":1,"41":1,"42":1,"43":1},"f":{"0":3,"1":0,"2":0,"3":3,"4":0,"5":0,"6":3},"b":{"0":[0,3],"1":[0,0],"2":[0,0],"3":[0,0],"4":[0,0],"5":[0,0],"6":[0,0],"7":[0,0],"8":[0,0],"9":[3,0],"10":[3,3],"11":[0,0],"12":[2,1],"13":[2,2],"14":[1,1],"15":[1,2],"16":[3,3],"17":[3,3],"18":[3,3],"19":[0,3]},"meta":{"lastBranch":20,"lastFunction":7,"lastStatement":44,"seen":{"s:7:6:7:Infinity":0,"s:8:6:8:Infinity":1,"s:10:6:15:Infinity":2,"f:10:29:10:35":0,"b:11:2:11:Infinity:undefined:undefined:undefined:undefined":0,"s:11:2:11:Infinity":3,"s:11:33:11:Infinity":4,"s:12:21:12:Infinity":5,"f:12:44:12:49":1,"s:12:49:12:72":6,"s:13:22:13:Infinity":7,"f:13:45:13:50":2,"s:13:50:13:74":8,"s:14:2:14:Infinity":9,"s:18:0:41:Infinity":10,"f:18:6:18:12":3,"s:18:12:18:36":11,"f:18:36:18:42":4,"s:19:17:19:Infinity":12,"b:20:2:23:Infinity:undefined:undefined:undefined:undefined":1,"s:20:2:23:Infinity":13,"s:21:4:21:Infinity":14,"s:22:4:22:Infinity":15,"s:25:20:25:Infinity":16,"s:26:29:26:Infinity":17,"b:28:2:36:Infinity:30:2:36:Infinity":2,"s:28:2:36:Infinity":18,"s:29:4:29:Infinity":19,"b:30:2:36:Infinity:32:2:36:Infinity":3,"s:30:2:36:Infinity":20,"b:30:13:30:48:30:48:30:67":4,"s:31:4:31:Infinity":21,"b:32:2:36:Infinity:34:2:36:Infinity":5,"s:32:2:36:Infinity":22,"s:33:4:33:Infinity":23,"b:34:2:36:Infinity:undefined:undefined:undefined:undefined":6,"s:34:2:36:Infinity":24,"b:34:13:34:51:34:51:34:102":7,"s:35:4:35:Infinity":25,"b:38:2:40:Infinity:undefined:undefined:undefined:undefined":8,"s:38:2:40:Infinity":26,"s:39:4:39:Infinity":27,"s:43:18:56:Infinity":28,"f:43:18:43:24":5,"s:44:2:44:Infinity":29,"s:46:2:55:Infinity":30,"s:58:19:66:Infinity":31,"f:58:19:58:20":6,"b:59:2:59:Infinity:undefined:undefined:undefined:undefined":9,"s:59:2:59:Infinity":32,"b:59:6:59:15:59:15:59:38":10,"s:59:38:59:Infinity":33,"s:61:16:61:Infinity":34,"b:62:2:64:Infinity:undefined:undefined:undefined:undefined":11,"s:62:2:64:Infinity":35,"s:63:4:63:Infinity":36,"s:65:2:65:Infinity":37,"s:75:10:75:Infinity":38,"s:80:7:80:Infinity":39,"s:81:9:81:Infinity":40,"s:82:11:82:Infinity":41,"s:88:11:88:Infinity":42,"s:107:14:107:Infinity":43,"b:71:28:76:Infinity:76:27:76:Infinity":12,"b:78:8:78:Infinity:78:8:74:63":13,"b:76:27:76:Infinity:76:27:76:Infinity":14,"b:83:68:83:166:83:68:83:166":15,"b:84:8:84:14:84:8:84:103":16,"b:102:12:102:Infinity:102:12:89:97":17,"b:110:12:110:Infinity:110:12:106:101":18,"b:116:25:116:Infinity:116:25:116:Infinity":19}}}
,"/Users/stream/codes/ganglia/ganglia-webui/src/components/ToolCard.vue": {"path":"/Users/stream/codes/ganglia/ganglia-webui/src/components/ToolCard.vue","statementMap":{"0":{"start":{"line":7,"column":6},"end":{"line":7,"column":null}},"1":{"start":{"line":8,"column":6},"end":{"line":8,"column":null}},"2":{"start":{"line":9,"column":14},"end":{"line":9,"column":null}},"3":{"start":{"line":15,"column":6},"end":{"line":20,"column":null}},"4":{"start":{"line":16,"column":2},"end":{"line":19,"column":null}},"5":{"start":{"line":17,"column":4},"end":{"line":18,"column":null}},"6":{"start":{"line":22,"column":6},"end":{"line":22,"column":null}},"7":{"start":{"line":22,"column":33},"end":{"line":22,"column":51}},"8":{"start":{"line":23,"column":6},"end":{"line":23,"column":null}},"9":{"start":{"line":23,"column":31},"end":{"line":23,"column":126}},"10":{"start":{"line":25,"column":6},"end":{"line":42,"column":null}},"11":{"start":{"line":26,"column":2},"end":{"line":26,"column":null}},"12":{"start":{"line":26,"column":22},"end":{"line":26,"column":null}},"13":{"start":{"line":28,"column":22},"end":{"line":28,"column":null}},"14":{"start":{"line":28,"column":50},"end":{"line":28,"column":74}},"15":{"start":{"line":29,"column":25},"end":{"line":29,"column":null}},"16":{"start":{"line":31,"column":2},"end":{"line":40,"column":null}},"17":{"start":{"line":33,"column":24},"end":{"line":33,"column":null}},"18":{"start":{"line":33,"column":55},"end":{"line":33,"column":91}},"19":{"start":{"line":34,"column":29},"end":{"line":34,"column":null}},"20":{"start":{"line":37,"column":23},"end":{"line":37,"column":null}},"21":{"start":{"line":37,"column":50},"end":{"line":37,"column":130}},"22":{"start":{"line":39,"column":4},"end":{"line":39,"column":null}},"23":{"start":{"line":41,"column":2},"end":{"line":41,"column":null}},"24":{"start":{"line":44,"column":6},"end":{"line":44,"column":null}},"25":{"start":{"line":44,"column":32},"end":{"line":44,"column":57}},"26":{"start":{"line":45,"column":6},"end":{"line":45,"column":null}},"27":{"start":{"line":45,"column":31},"end":{"line":45,"column":55}},"28":{"start":{"line":46,"column":6},"end":{"line":46,"column":null}},"29":{"start":{"line":46,"column":31},"end":{"line":46,"column":80}},"30":{"start":{"line":48,"column":6},"end":{"line":51,"column":null}},"31":{"start":{"line":49,"column":16},"end":{"line":49,"column":null}},"32":{"start":{"line":50,"column":2},"end":{"line":50,"column":null}},"33":{"start":{"line":53,"column":6},"end":{"line":59,"column":null}},"34":{"start":{"line":54,"column":2},"end":{"line":57,"column":null}},"35":{"start":{"line":55,"column":16},"end":{"line":55,"column":null}},"36":{"start":{"line":56,"column":4},"end":{"line":56,"column":null}},"37":{"start":{"line":58,"column":2},"end":{"line":58,"column":null}},"38":{"start":{"line":61,"column":6},"end":{"line":61,"column":null}},"39":{"start":{"line":64,"column":6},"end":{"line":64,"column":null}},"40":{"start":{"line":65,"column":6},"end":{"line":65,"column":null}},"41":{"start":{"line":66,"column":25},"end":{"line":66,"column":null}},"42":{"start":{"line":68,"column":19},"end":{"line":72,"column":null}},"43":{"start":{"line":69,"column":2},"end":{"line":71,"column":null}},"44":{"start":{"line":70,"column":4},"end":{"line":70,"column":null}},"45":{"start":{"line":74,"column":0},"end":{"line":82,"column":null}},"46":{"start":{"line":75,"column":2},"end":{"line":81,"column":null}},"47":{"start":{"line":76,"column":4},"end":{"line":76,"column":null}},"48":{"start":{"line":77,"column":2},"end":{"line":81,"column":null}},"49":{"start":{"line":78,"column":4},"end":{"line":80,"column":null}},"50":{"start":{"line":79,"column":6},"end":{"line":79,"column":null}},"51":{"start":{"line":84,"column":0},"end":{"line":98,"column":null}},"52":{"start":{"line":85,"column":2},"end":{"line":97,"column":null}},"53":{"start":{"line":86,"column":4},"end":{"line":86,"column":null}},"54":{"start":{"line":86,"column":23},"end":{"line":86,"column":null}},"55":{"start":{"line":87,"column":4},"end":{"line":91,"column":null}},"56":{"start":{"line":88,"column":6},"end":{"line":88,"column":null}},"57":{"start":{"line":90,"column":6},"end":{"line":90,"column":null}},"58":{"start":{"line":94,"column":4},"end":{"line":96,"column":null}},"59":{"start":{"line":95,"column":6},"end":{"line":95,"column":null}},"60":{"start":{"line":100,"column":0},"end":{"line":102,"column":null}},"61":{"start":{"line":101,"column":2},"end":{"line":101,"column":null}},"62":{"start":{"line":101,"column":21},"end":{"line":101,"column":null}},"63":{"start":{"line":105,"column":27},"end":{"line":113,"column":null}},"64":{"start":{"line":106,"column":20},"end":{"line":106,"column":null}},"65":{"start":{"line":107,"column":2},"end":{"line":112,"column":null}},"66":{"start":{"line":108,"column":22},"end":{"line":108,"column":null}},"67":{"start":{"line":109,"column":4},"end":{"line":111,"column":null}},"68":{"start":{"line":110,"column":6},"end":{"line":110,"column":null}},"69":{"start":{"line":128,"column":11},"end":{"line":128,"column":null}},"70":{"start":{"line":133,"column":14},"end":{"line":133,"column":null}},"71":{"start":{"line":142,"column":11},"end":{"line":142,"column":null}},"72":{"start":{"line":179,"column":11},"end":{"line":179,"column":null}},"73":{"start":{"line":117,"column":2},"end":{"line":185,"column":84}},"74":{"start":{"line":125,"column":12},"end":{"line":125,"column":null}},"75":{"start":{"line":146,"column":23},"end":{"line":146,"column":null}},"76":{"start":{"line":162,"column":23},"end":{"line":162,"column":null}}},"fnMap":{"0":{"name":"(anonymous_0)","decl":{"start":{"line":15,"column":29},"end":{"line":15,"column":35}},"loc":{"start":{"line":15,"column":35},"end":{"line":20,"column":1}},"line":15},"1":{"name":"(anonymous_1)","decl":{"start":{"line":16,"column":30},"end":{"line":16,"column":null}},"loc":{"start":{"line":17,"column":4},"end":{"line":18,"column":null}},"line":17},"2":{"name":"(anonymous_2)","decl":{"start":{"line":22,"column":27},"end":{"line":22,"column":33}},"loc":{"start":{"line":22,"column":33},"end":{"line":22,"column":51}},"line":22},"3":{"name":"(anonymous_3)","decl":{"start":{"line":23,"column":25},"end":{"line":23,"column":31}},"loc":{"start":{"line":23,"column":31},"end":{"line":23,"column":126}},"line":23},"4":{"name":"(anonymous_4)","decl":{"start":{"line":25,"column":30},"end":{"line":25,"column":36}},"loc":{"start":{"line":25,"column":36},"end":{"line":42,"column":1}},"line":25},"5":{"name":"(anonymous_5)","decl":{"start":{"line":28,"column":45},"end":{"line":28,"column":50}},"loc":{"start":{"line":28,"column":50},"end":{"line":28,"column":74}},"line":28},"6":{"name":"(anonymous_6)","decl":{"start":{"line":33,"column":50},"end":{"line":33,"column":55}},"loc":{"start":{"line":33,"column":55},"end":{"line":33,"column":91}},"line":33},"7":{"name":"(anonymous_7)","decl":{"start":{"line":37,"column":45},"end":{"line":37,"column":50}},"loc":{"start":{"line":37,"column":50},"end":{"line":37,"column":130}},"line":37},"8":{"name":"(anonymous_8)","decl":{"start":{"line":44,"column":26},"end":{"line":44,"column":32}},"loc":{"start":{"line":44,"column":32},"end":{"line":44,"column":57}},"line":44},"9":{"name":"(anonymous_9)","decl":{"start":{"line":45,"column":25},"end":{"line":45,"column":31}},"loc":{"start":{"line":45,"column":31},"end":{"line":45,"column":55}},"line":45},"10":{"name":"(anonymous_10)","decl":{"start":{"line":46,"column":25},"end":{"line":46,"column":31}},"loc":{"start":{"line":46,"column":31},"end":{"line":46,"column":80}},"line":46},"11":{"name":"(anonymous_11)","decl":{"start":{"line":48,"column":30},"end":{"line":48,"column":36}},"loc":{"start":{"line":48,"column":36},"end":{"line":51,"column":1}},"line":48},"12":{"name":"(anonymous_12)","decl":{"start":{"line":53,"column":31},"end":{"line":53,"column":37}},"loc":{"start":{"line":53,"column":37},"end":{"line":59,"column":1}},"line":53},"13":{"name":"(anonymous_13)","decl":{"start":{"line":68,"column":19},"end":{"line":68,"column":25}},"loc":{"start":{"line":68,"column":25},"end":{"line":72,"column":null}},"line":68},"14":{"name":"(anonymous_14)","decl":{"start":{"line":69,"column":30},"end":{"line":69,"column":36}},"loc":{"start":{"line":69,"column":36},"end":{"line":71,"column":5}},"line":69},"15":{"name":"(anonymous_15)","decl":{"start":{"line":74,"column":10},"end":{"line":74,"column":16}},"loc":{"start":{"line":74,"column":16},"end":{"line":82,"column":1}},"line":74},"16":{"name":"(anonymous_16)","decl":{"start":{"line":84,"column":17},"end":{"line":84,"column":18}},"loc":{"start":{"line":84,"column":29},"end":{"line":98,"column":1}},"line":84},"17":{"name":"(anonymous_17)","decl":{"start":{"line":100,"column":12},"end":{"line":100,"column":18}},"loc":{"start":{"line":100,"column":18},"end":{"line":102,"column":1}},"line":100},"18":{"name":"(anonymous_18)","decl":{"start":{"line":105,"column":27},"end":{"line":105,"column":28}},"loc":{"start":{"line":105,"column":47},"end":{"line":113,"column":null}},"line":105},"19":{"name":"(anonymous_19)","decl":{"start":{"line":125,"column":10},"end":{"line":125,"column":12}},"loc":{"start":{"line":125,"column":12},"end":{"line":125,"column":null}},"line":125},"20":{"name":"(anonymous_20)","decl":{"start":{"line":146,"column":16},"end":{"line":146,"column":23}},"loc":{"start":{"line":146,"column":23},"end":{"line":146,"column":null}},"line":146},"21":{"name":"(anonymous_21)","decl":{"start":{"line":162,"column":16},"end":{"line":162,"column":23}},"loc":{"start":{"line":162,"column":23},"end":{"line":162,"column":null}},"line":162},"22":{"name":"(anonymous_22)","decl":{"start":{"line":170,"column":45},"end":{"line":170,"column":46}},"loc":{"start":{"line":170,"column":45},"end":{"line":170,"column":46}},"line":170}},"branchMap":{"0":{"loc":{"start":{"line":17,"column":4},"end":{"line":18,"column":null}},"type":"binary-expr","locations":[{"start":{"line":17,"column":4},"end":{"line":17,"column":null}},{"start":{"line":18,"column":5},"end":{"line":18,"column":null}}],"line":17},"1":{"loc":{"start":{"line":23,"column":31},"end":{"line":23,"column":126}},"type":"binary-expr","locations":[{"start":{"line":23,"column":31},"end":{"line":23,"column":67}},{"start":{"line":23,"column":67},"end":{"line":23,"column":109}},{"start":{"line":23,"column":109},"end":{"line":23,"column":126}}],"line":23},"2":{"loc":{"start":{"line":26,"column":2},"end":{"line":26,"column":null}},"type":"if","locations":[{"start":{"line":26,"column":2},"end":{"line":26,"column":null}},{"start":{},"end":{}}],"line":26},"3":{"loc":{"start":{"line":31,"column":2},"end":{"line":40,"column":null}},"type":"if","locations":[{"start":{"line":31,"column":2},"end":{"line":40,"column":null}},{"start":{},"end":{}}],"line":31},"4":{"loc":{"start":{"line":31,"column":6},"end":{"line":31,"column":108}},"type":"binary-expr","locations":[{"start":{"line":31,"column":6},"end":{"line":31,"column":25}},{"start":{"line":31,"column":25},"end":{"line":31,"column":108}}],"line":31},"5":{"loc":{"start":{"line":37,"column":50},"end":{"line":37,"column":130}},"type":"binary-expr","locations":[{"start":{"line":37,"column":50},"end":{"line":37,"column":80}},{"start":{"line":37,"column":80},"end":{"line":37,"column":105}},{"start":{"line":37,"column":105},"end":{"line":37,"column":130}}],"line":37},"6":{"loc":{"start":{"line":46,"column":31},"end":{"line":46,"column":80}},"type":"binary-expr","locations":[{"start":{"line":46,"column":31},"end":{"line":46,"column":66}},{"start":{"line":46,"column":66},"end":{"line":46,"column":80}}],"line":46},"7":{"loc":{"start":{"line":50,"column":9},"end":{"line":50,"column":null}},"type":"cond-expr","locations":[{"start":{"line":50,"column":17},"end":{"line":50,"column":32}},{"start":{"line":50,"column":32},"end":{"line":50,"column":null}}],"line":50},"8":{"loc":{"start":{"line":54,"column":2},"end":{"line":57,"column":null}},"type":"if","locations":[{"start":{"line":54,"column":2},"end":{"line":57,"column":null}},{"start":{},"end":{}}],"line":54},"9":{"loc":{"start":{"line":55,"column":16},"end":{"line":55,"column":null}},"type":"binary-expr","locations":[{"start":{"line":55,"column":16},"end":{"line":55,"column":41}},{"start":{"line":55,"column":41},"end":{"line":55,"column":null}}],"line":55},"10":{"loc":{"start":{"line":75,"column":2},"end":{"line":81,"column":null}},"type":"if","locations":[{"start":{"line":75,"column":2},"end":{"line":81,"column":null}},{"start":{"line":77,"column":2},"end":{"line":81,"column":null}}],"line":75},"11":{"loc":{"start":{"line":77,"column":2},"end":{"line":81,"column":null}},"type":"if","locations":[{"start":{"line":77,"column":2},"end":{"line":81,"column":null}},{"start":{},"end":{}}],"line":77},"12":{"loc":{"start":{"line":78,"column":4},"end":{"line":80,"column":null}},"type":"if","locations":[{"start":{"line":78,"column":4},"end":{"line":80,"column":null}},{"start":{},"end":{}}],"line":78},"13":{"loc":{"start":{"line":78,"column":8},"end":{"line":78,"column":62}},"type":"binary-expr","locations":[{"start":{"line":78,"column":8},"end":{"line":78,"column":33}},{"start":{"line":78,"column":33},"end":{"line":78,"column":62}}],"line":78},"14":{"loc":{"start":{"line":85,"column":2},"end":{"line":97,"column":null}},"type":"if","locations":[{"start":{"line":85,"column":2},"end":{"line":97,"column":null}},{"start":{},"end":{}}],"line":85},"15":{"loc":{"start":{"line":86,"column":4},"end":{"line":86,"column":null}},"type":"if","locations":[{"start":{"line":86,"column":4},"end":{"line":86,"column":null}},{"start":{},"end":{}}],"line":86},"16":{"loc":{"start":{"line":87,"column":4},"end":{"line":91,"column":null}},"type":"if","locations":[{"start":{"line":87,"column":4},"end":{"line":91,"column":null}},{"start":{"line":89,"column":11},"end":{"line":91,"column":null}}],"line":87},"17":{"loc":{"start":{"line":87,"column":8},"end":{"line":87,"column":63}},"type":"binary-expr","locations":[{"start":{"line":87,"column":8},"end":{"line":87,"column":33}},{"start":{"line":87,"column":33},"end":{"line":87,"column":63}}],"line":87},"18":{"loc":{"start":{"line":94,"column":4},"end":{"line":96,"column":null}},"type":"if","locations":[{"start":{"line":94,"column":4},"end":{"line":96,"column":null}},{"start":{},"end":{}}],"line":94},"19":{"loc":{"start":{"line":101,"column":2},"end":{"line":101,"column":null}},"type":"if","locations":[{"start":{"line":101,"column":2},"end":{"line":101,"column":null}},{"start":{},"end":{}}],"line":101},"20":{"loc":{"start":{"line":107,"column":2},"end":{"line":112,"column":null}},"type":"if","locations":[{"start":{"line":107,"column":2},"end":{"line":112,"column":null}},{"start":{},"end":{}}],"line":107},"21":{"loc":{"start":{"line":109,"column":4},"end":{"line":111,"column":null}},"type":"if","locations":[{"start":{"line":109,"column":4},"end":{"line":111,"column":null}},{"start":{},"end":{}}],"line":109},"22":{"loc":{"start":{"line":118,"column":104},"end":{"line":119,"column":133}},"type":"binary-expr","locations":[{"start":{"line":118,"column":104},"end":{"line":119,"column":48}},{"start":{"line":119,"column":48},"end":{"line":119,"column":133}}],"line":118},"23":{"loc":{"start":{"line":119,"column":211},"end":{"line":119,"column":null}},"type":"binary-expr","locations":[{"start":{"line":119,"column":211},"end":{"line":119,"column":268}},{"start":{"line":119,"column":268},"end":{"line":119,"column":null}}],"line":119},"24":{"loc":{"start":{"line":125,"column":10},"end":{"line":125,"column":null}},"type":"binary-expr","locations":[{"start":{"line":125,"column":10},"end":{"line":125,"column":12}},{"start":{"line":125,"column":10},"end":{"line":125,"column":null}}],"line":125},"25":{"loc":{"start":{"line":127,"column":69},"end":{"line":127,"column":null}},"type":"cond-expr","locations":[{"start":{"line":127,"column":79},"end":{"line":127,"column":null}},{"start":{"line":127,"column":79},"end":{"line":127,"column":null}}],"line":127},"26":{"loc":{"start":{"line":129,"column":20},"end":{"line":131,"column":86}},"type":"cond-expr","locations":[{"start":{"line":129,"column":20},"end":{"line":129,"column":null}},{"start":{"line":130,"column":25},"end":{"line":131,"column":86}}],"line":129},"27":{"loc":{"start":{"line":130,"column":25},"end":{"line":131,"column":86}},"type":"cond-expr","locations":[{"start":{"line":130,"column":25},"end":{"line":130,"column":96}},{"start":{"line":130,"column":89},"end":{"line":131,"column":86}}],"line":130},"28":{"loc":{"start":{"line":134,"column":21},"end":{"line":138,"column":null}},"type":"cond-expr","locations":[{"start":{"line":137,"column":21},"end":{"line":138,"column":null}},{"start":{"line":138,"column":20},"end":{"line":138,"column":null}}],"line":134},"29":{"loc":{"start":{"line":143,"column":8},"end":{"line":151,"column":81}},"type":"cond-expr","locations":[{"start":{"line":145,"column":80},"end":{"line":151,"column":81}},{"start":{"line":151,"column":74},"end":{"line":151,"column":81}}],"line":143},"30":{"loc":{"start":{"line":143,"column":8},"end":{"line":145,"column":null}},"type":"binary-expr","locations":[{"start":{"line":143,"column":8},"end":{"line":145,"column":64}},{"start":{"line":145,"column":64},"end":{"line":145,"column":75}},{"start":{"line":145,"column":75},"end":{"line":145,"column":null}}],"line":143},"31":{"loc":{"start":{"line":146,"column":16},"end":{"line":146,"column":null}},"type":"binary-expr","locations":[{"start":{"line":146,"column":16},"end":{"line":146,"column":23}},{"start":{"line":146,"column":16},"end":{"line":146,"column":null}}],"line":146},"32":{"loc":{"start":{"line":146,"column":55},"end":{"line":146,"column":93}},"type":"binary-expr","locations":[{"start":{"line":146,"column":55},"end":{"line":146,"column":86}},{"start":{"line":146,"column":86},"end":{"line":146,"column":93}}],"line":146},"33":{"loc":{"start":{"line":148,"column":16},"end":{"line":151,"column":81}},"type":"binary-expr","locations":[{"start":{"line":148,"column":16},"end":{"line":148,"column":null}},{"start":{"line":148,"column":16},"end":{"line":151,"column":81}}],"line":148},"34":{"loc":{"start":{"line":154,"column":20},"end":{"line":156,"column":15}},"type":"cond-expr","locations":[{"start":{"line":154,"column":41},"end":{"line":156,"column":15}},{"start":{"line":156,"column":8},"end":{"line":156,"column":15}}],"line":154},"35":{"loc":{"start":{"line":154,"column":20},"end":{"line":154,"column":52}},"type":"binary-expr","locations":[{"start":{"line":154,"column":20},"end":{"line":154,"column":41}},{"start":{"line":154,"column":41},"end":{"line":154,"column":52}}],"line":154},"36":{"loc":{"start":{"line":154,"column":89},"end":{"line":154,"column":null}},"type":"cond-expr","locations":[{"start":{"line":154,"column":98},"end":{"line":154,"column":null}},{"start":{"line":154,"column":98},"end":{"line":154,"column":null}}],"line":154},"37":{"loc":{"start":{"line":155,"column":13},"end":{"line":155,"column":46}},"type":"cond-expr","locations":[{"start":{"line":155,"column":22},"end":{"line":155,"column":46}},{"start":{"line":155,"column":22},"end":{"line":155,"column":46}}],"line":155},"38":{"loc":{"start":{"line":157,"column":20},"end":{"line":159,"column":15}},"type":"cond-expr","locations":[{"start":{"line":157,"column":32},"end":{"line":159,"column":15}},{"start":{"line":159,"column":8},"end":{"line":159,"column":15}}],"line":157},"39":{"loc":{"start":{"line":161,"column":16},"end":{"line":166,"column":17}},"type":"cond-expr","locations":[{"start":{"line":161,"column":16},"end":{"line":166,"column":17}},{"start":{"line":166,"column":8},"end":{"line":166,"column":17}}],"line":161},"40":{"loc":{"start":{"line":162,"column":16},"end":{"line":162,"column":null}},"type":"binary-expr","locations":[{"start":{"line":162,"column":16},"end":{"line":162,"column":23}},{"start":{"line":162,"column":16},"end":{"line":162,"column":null}}],"line":162},"41":{"loc":{"start":{"line":170,"column":15},"end":{"line":185,"column":84}},"type":"cond-expr","locations":[{"start":{"line":170,"column":15},"end":{"line":185,"column":84}}],"line":170},"42":{"loc":{"start":{"line":170,"column":51},"end":{"line":170,"column":null}},"type":"binary-expr","locations":[{"start":{"line":170,"column":51},"end":{"line":170,"column":56}},{"start":{"line":170,"column":51},"end":{"line":170,"column":null}}],"line":170},"43":{"loc":{"start":{"line":176,"column":8},"end":{"line":176,"column":62}},"type":"binary-expr","locations":[{"start":{"line":176,"column":8},"end":{"line":176,"column":14}},{"start":{"line":176,"column":8},"end":{"line":176,"column":62}}],"line":176},"44":{"loc":{"start":{"line":183,"column":17},"end":{"line":185,"column":84}},"type":"cond-expr","locations":[{"start":{"line":183,"column":17},"end":{"line":185,"column":84}},{"start":{"line":185,"column":77},"end":{"line":185,"column":84}}],"line":183},"45":{"loc":{"start":{"line":186,"column":12},"end":{"line":185,"column":84}},"type":"binary-expr","locations":[{"start":{"line":186,"column":12},"end":{"line":186,"column":null}},{"start":{"line":186,"column":12},"end":{"line":185,"column":84}}],"line":186}},"s":{"0":3,"1":3,"2":3,"3":3,"4":3,"5":5,"6":3,"7":3,"8":3,"9":3,"10":3,"11":3,"12":2,"13":1,"14":2,"15":1,"16":1,"17":1,"18":2,"19":1,"20":1,"21":0,"22":1,"23":0,"24":3,"25":3,"26":3,"27":3,"28":3,"29":3,"30":3,"31":3,"32":3,"33":3,"34":3,"35":0,"36":0,"37":3,"38":3,"39":3,"40":3,"41":3,"42":3,"43":1,"44":0,"45":3,"46":3,"47":1,"48":2,"49":2,"50":2,"51":3,"52":0,"53":0,"54":0,"55":0,"56":0,"57":0,"58":0,"59":0,"60":3,"61":0,"62":0,"63":3,"64":0,"65":0,"66":0,"67":0,"68":0,"69":1,"70":1,"71":1,"72":1,"73":3,"74":0,"75":0,"76":0},"f":{"0":3,"1":5,"2":3,"3":3,"4":3,"5":2,"6":2,"7":0,"8":3,"9":3,"10":3,"11":3,"12":3,"13":1,"14":0,"15":3,"16":0,"17":0,"18":0,"19":0,"20":0,"21":0,"22":0},"b":{"0":[5,2],"1":[3,2,1],"2":[2,1],"3":[1,0],"4":[1,1],"5":[0,0,0],"6":[3,1],"7":[0,3],"8":[0,3],"9":[0,0],"10":[1,2],"11":[2,0],"12":[2,0],"13":[2,2],"14":[0,0],"15":[0,0],"16":[0,0],"17":[0,0],"18":[0,0],"19":[0,0],"20":[0,0],"21":[0,0],"22":[3,2],"23":[3,2],"24":[3,3],"25":[3,0],"26":[1,2],"27":[1,1],"28":[0,3],"29":[0,3],"30":[3,0,0],"31":[0,0],"32":[0,0],"33":[0,0],"34":[1,2],"35":[3,3],"36":[1,0],"37":[1,0],"38":[0,3],"39":[3,0],"40":[3,3],"41":[3],"42":[3,3],"43":[3,3],"44":[1,2],"45":[1,1]},"meta":{"lastBranch":46,"lastFunction":23,"lastStatement":77,"seen":{"s:7:6:7:Infinity":0,"s:8:6:8:Infinity":1,"s:9:14:9:Infinity":2,"s:15:6:20:Infinity":3,"f:15:29:15:35":0,"s:16:2:19:Infinity":4,"f:16:30:16:Infinity":1,"s:17:4:18:Infinity":5,"b:17:4:17:Infinity:18:5:18:Infinity":0,"s:22:6:22:Infinity":6,"f:22:27:22:33":2,"s:22:33:22:51":7,"s:23:6:23:Infinity":8,"f:23:25:23:31":3,"s:23:31:23:126":9,"b:23:31:23:67:23:67:23:109:23:109:23:126":1,"s:25:6:42:Infinity":10,"f:25:30:25:36":4,"b:26:2:26:Infinity:undefined:undefined:undefined:undefined":2,"s:26:2:26:Infinity":11,"s:26:22:26:Infinity":12,"s:28:22:28:Infinity":13,"f:28:45:28:50":5,"s:28:50:28:74":14,"s:29:25:29:Infinity":15,"b:31:2:40:Infinity:undefined:undefined:undefined:undefined":3,"s:31:2:40:Infinity":16,"b:31:6:31:25:31:25:31:108":4,"s:33:24:33:Infinity":17,"f:33:50:33:55":6,"s:33:55:33:91":18,"s:34:29:34:Infinity":19,"s:37:23:37:Infinity":20,"f:37:45:37:50":7,"s:37:50:37:130":21,"b:37:50:37:80:37:80:37:105:37:105:37:130":5,"s:39:4:39:Infinity":22,"s:41:2:41:Infinity":23,"s:44:6:44:Infinity":24,"f:44:26:44:32":8,"s:44:32:44:57":25,"s:45:6:45:Infinity":26,"f:45:25:45:31":9,"s:45:31:45:55":27,"s:46:6:46:Infinity":28,"f:46:25:46:31":10,"s:46:31:46:80":29,"b:46:31:46:66:46:66:46:80":6,"s:48:6:51:Infinity":30,"f:48:30:48:36":11,"s:49:16:49:Infinity":31,"s:50:2:50:Infinity":32,"b:50:17:50:32:50:32:50:Infinity":7,"s:53:6:59:Infinity":33,"f:53:31:53:37":12,"b:54:2:57:Infinity:undefined:undefined:undefined:undefined":8,"s:54:2:57:Infinity":34,"s:55:16:55:Infinity":35,"b:55:16:55:41:55:41:55:Infinity":9,"s:56:4:56:Infinity":36,"s:58:2:58:Infinity":37,"s:61:6:61:Infinity":38,"s:64:6:64:Infinity":39,"s:65:6:65:Infinity":40,"s:66:25:66:Infinity":41,"s:68:19:72:Infinity":42,"f:68:19:68:25":13,"s:69:2:71:Infinity":43,"f:69:30:69:36":14,"s:70:4:70:Infinity":44,"s:74:0:82:Infinity":45,"f:74:10:74:16":15,"b:75:2:81:Infinity:77:2:81:Infinity":10,"s:75:2:81:Infinity":46,"s:76:4:76:Infinity":47,"b:77:2:81:Infinity:undefined:undefined:undefined:undefined":11,"s:77:2:81:Infinity":48,"b:78:4:80:Infinity:undefined:undefined:undefined:undefined":12,"s:78:4:80:Infinity":49,"b:78:8:78:33:78:33:78:62":13,"s:79:6:79:Infinity":50,"s:84:0:98:Infinity":51,"f:84:17:84:18":16,"b:85:2:97:Infinity:undefined:undefined:undefined:undefined":14,"s:85:2:97:Infinity":52,"b:86:4:86:Infinity:undefined:undefined:undefined:undefined":15,"s:86:4:86:Infinity":53,"s:86:23:86:Infinity":54,"b:87:4:91:Infinity:89:11:91:Infinity":16,"s:87:4:91:Infinity":55,"b:87:8:87:33:87:33:87:63":17,"s:88:6:88:Infinity":56,"s:90:6:90:Infinity":57,"b:94:4:96:Infinity:undefined:undefined:undefined:undefined":18,"s:94:4:96:Infinity":58,"s:95:6:95:Infinity":59,"s:100:0:102:Infinity":60,"f:100:12:100:18":17,"b:101:2:101:Infinity:undefined:undefined:undefined:undefined":19,"s:101:2:101:Infinity":61,"s:101:21:101:Infinity":62,"s:105:27:113:Infinity":63,"f:105:27:105:28":18,"s:106:20:106:Infinity":64,"b:107:2:112:Infinity:undefined:undefined:undefined:undefined":20,"s:107:2:112:Infinity":65,"s:108:22:108:Infinity":66,"b:109:4:111:Infinity:undefined:undefined:undefined:undefined":21,"s:109:4:111:Infinity":67,"s:110:6:110:Infinity":68,"s:128:11:128:Infinity":69,"s:133:14:133:Infinity":70,"s:142:11:142:Infinity":71,"s:179:11:179:Infinity":72,"s:117:2:185:84":73,"b:118:104:119:48:119:48:119:133":22,"b:119:211:119:268:119:268:119:Infinity":23,"b:125:10:125:12:125:10:125:Infinity":24,"f:125:10:125:12":19,"s:125:12:125:Infinity":74,"b:127:79:127:Infinity:127:79:127:Infinity":25,"b:129:20:129:Infinity:130:25:131:86":26,"b:130:25:130:96:130:89:131:86":27,"b:137:21:138:Infinity:138:20:138:Infinity":28,"b:145:80:151:81:151:74:151:81":29,"b:143:8:145:64:145:64:145:75:145:75:145:Infinity":30,"b:146:16:146:23:146:16:146:Infinity":31,"f:146:16:146:23":20,"s:146:23:146:Infinity":75,"b:146:55:146:86:146:86:146:93":32,"b:148:16:148:Infinity:148:16:151:81":33,"b:154:41:156:15:156:8:156:15":34,"b:154:20:154:41:154:41:154:52":35,"b:154:98:154:Infinity:154:98:154:Infinity":36,"b:155:22:155:46:155:22:155:46":37,"b:157:32:159:15:159:8:159:15":38,"b:161:16:166:17:166:8:166:17":39,"b:162:16:162:23:162:16:162:Infinity":40,"f:162:16:162:23":21,"s:162:23:162:Infinity":76,"b:170:15:185:84":41,"b:170:51:170:56:170:51:170:Infinity":42,"f:170:45:170:46":22,"b:176:8:176:14:176:8:176:62":43,"b:183:17:185:84:185:77:185:84":44,"b:186:12:186:Infinity:186:12:185:84":45}}}
,"/Users/stream/codes/ganglia/ganglia-webui/src/services/eventbus.ts": {"path":"/Users/stream/codes/ganglia/ganglia-webui/src/services/eventbus.ts","statementMap":{"0":{"start":{"line":10,"column":24},"end":{"line":10,"column":null}},"1":{"start":{"line":12,"column":31},"end":{"line":12,"column":null}},"2":{"start":{"line":13,"column":34},"end":{"line":13,"column":null}},"3":{"start":{"line":14,"column":36},"end":{"line":14,"column":null}},"4":{"start":{"line":17,"column":4},"end":{"line":19,"column":null}},"5":{"start":{"line":18,"column":6},"end":{"line":18,"column":null}},"6":{"start":{"line":23,"column":10},"end":{"line":23,"column":null}},"7":{"start":{"line":24,"column":4},"end":{"line":24,"column":null}},"8":{"start":{"line":26,"column":4},"end":{"line":31,"column":null}},"9":{"start":{"line":33,"column":4},"end":{"line":71,"column":null}},"10":{"start":{"line":34,"column":6},"end":{"line":34,"column":null}},"11":{"start":{"line":35,"column":6},"end":{"line":35,"column":null}},"12":{"start":{"line":36,"column":6},"end":{"line":36,"column":null}},"13":{"start":{"line":38,"column":27},"end":{"line":38,"column":null}},"14":{"start":{"line":41,"column":6},"end":{"line":56,"column":null}},"15":{"start":{"line":42,"column":8},"end":{"line":55,"column":null}},"16":{"start":{"line":43,"column":16},"end":{"line":43,"column":null}},"17":{"start":{"line":44,"column":10},"end":{"line":44,"column":null}},"18":{"start":{"line":45,"column":26},"end":{"line":45,"column":null}},"19":{"start":{"line":46,"column":10},"end":{"line":46,"column":null}},"20":{"start":{"line":46,"column":50},"end":{"line":46,"column":74}},"21":{"start":{"line":49,"column":10},"end":{"line":51,"column":null}},"22":{"start":{"line":50,"column":12},"end":{"line":50,"column":null}},"23":{"start":{"line":54,"column":10},"end":{"line":54,"column":null}},"24":{"start":{"line":58,"column":6},"end":{"line":64,"column":null}},"25":{"start":{"line":59,"column":8},"end":{"line":62,"column":null}},"26":{"start":{"line":60,"column":10},"end":{"line":60,"column":null}},"27":{"start":{"line":61,"column":10},"end":{"line":61,"column":null}},"28":{"start":{"line":63,"column":8},"end":{"line":63,"column":null}},"29":{"start":{"line":66,"column":23},"end":{"line":66,"column":null}},"30":{"start":{"line":67,"column":6},"end":{"line":70,"column":null}},"31":{"start":{"line":68,"column":8},"end":{"line":68,"column":null}},"32":{"start":{"line":68,"column":19},"end":{"line":68,"column":null}},"33":{"start":{"line":69,"column":8},"end":{"line":69,"column":null}},"34":{"start":{"line":73,"column":4},"end":{"line":79,"column":null}},"35":{"start":{"line":74,"column":6},"end":{"line":74,"column":null}},"36":{"start":{"line":75,"column":6},"end":{"line":75,"column":null}},"37":{"start":{"line":76,"column":6},"end":{"line":78,"column":null}},"38":{"start":{"line":77,"column":8},"end":{"line":77,"column":null}},"39":{"start":{"line":83,"column":4},"end":{"line":83,"column":null}},"40":{"start":{"line":83,"column":47},"end":{"line":83,"column":null}},"41":{"start":{"line":85,"column":10},"end":{"line":85,"column":null}},"42":{"start":{"line":86,"column":4},"end":{"line":86,"column":null}},"43":{"start":{"line":88,"column":4},"end":{"line":88,"column":null}},"44":{"start":{"line":89,"column":18},"end":{"line":89,"column":null}},"45":{"start":{"line":91,"column":4},"end":{"line":91,"column":null}},"46":{"start":{"line":92,"column":4},"end":{"line":94,"column":null}},"47":{"start":{"line":93,"column":6},"end":{"line":93,"column":null}},"48":{"start":{"line":98,"column":10},"end":{"line":98,"column":null}},"49":{"start":{"line":99,"column":4},"end":{"line":99,"column":null}},"50":{"start":{"line":99,"column":44},"end":{"line":99,"column":null}},"51":{"start":{"line":101,"column":20},"end":{"line":105,"column":null}},"52":{"start":{"line":107,"column":4},"end":{"line":107,"column":null}},"53":{"start":{"line":111,"column":4},"end":{"line":111,"column":null}},"54":{"start":{"line":112,"column":10},"end":{"line":112,"column":null}},"55":{"start":{"line":113,"column":4},"end":{"line":113,"column":null}},"56":{"start":{"line":117,"column":10},"end":{"line":117,"column":null}},"57":{"start":{"line":118,"column":4},"end":{"line":120,"column":null}},"58":{"start":{"line":119,"column":6},"end":{"line":119,"column":null}},"59":{"start":{"line":124,"column":4},"end":{"line":124,"column":null}},"60":{"start":{"line":125,"column":4},"end":{"line":127,"column":null}},"61":{"start":{"line":126,"column":6},"end":{"line":126,"column":null}},"62":{"start":{"line":131,"column":31},"end":{"line":131,"column":null}}},"fnMap":{"0":{"name":"(anonymous_0)","decl":{"start":{"line":16,"column":2},"end":{"line":16,"column":16}},"loc":{"start":{"line":16,"column":16},"end":{"line":20,"column":null}},"line":16},"1":{"name":"(anonymous_1)","decl":{"start":{"line":22,"column":2},"end":{"line":22,"column":12}},"loc":{"start":{"line":22,"column":12},"end":{"line":80,"column":null}},"line":22},"2":{"name":"(anonymous_2)","decl":{"start":{"line":33,"column":21},"end":{"line":33,"column":27}},"loc":{"start":{"line":33,"column":27},"end":{"line":71,"column":null}},"line":33},"3":{"name":"(anonymous_3)","decl":{"start":{"line":41,"column":91},"end":{"line":41,"column":92}},"loc":{"start":{"line":41,"column":117},"end":{"line":56,"column":7}},"line":41},"4":{"name":"(anonymous_4)","decl":{"start":{"line":46,"column":26},"end":{"line":46,"column":27}},"loc":{"start":{"line":46,"column":50},"end":{"line":46,"column":74}},"line":46},"5":{"name":"(anonymous_5)","decl":{"start":{"line":58,"column":44},"end":{"line":58,"column":45}},"loc":{"start":{"line":58,"column":92},"end":{"line":64,"column":7}},"line":58},"6":{"name":"(anonymous_6)","decl":{"start":{"line":67,"column":40},"end":{"line":67,"column":41}},"loc":{"start":{"line":67,"column":84},"end":{"line":70,"column":7}},"line":67},"7":{"name":"(anonymous_7)","decl":{"start":{"line":73,"column":22},"end":{"line":73,"column":28}},"loc":{"start":{"line":73,"column":28},"end":{"line":79,"column":null}},"line":73},"8":{"name":"(anonymous_8)","decl":{"start":{"line":82,"column":10},"end":{"line":82,"column":22}},"loc":{"start":{"line":82,"column":22},"end":{"line":95,"column":null}},"line":82},"9":{"name":"(anonymous_9)","decl":{"start":{"line":92,"column":37},"end":{"line":92,"column":43}},"loc":{"start":{"line":92,"column":43},"end":{"line":94,"column":7}},"line":92},"10":{"name":"(anonymous_10)","decl":{"start":{"line":97,"column":2},"end":{"line":97,"column":7}},"loc":{"start":{"line":97,"column":43},"end":{"line":108,"column":null}},"line":97},"11":{"name":"(anonymous_11)","decl":{"start":{"line":110,"column":10},"end":{"line":110,"column":28}},"loc":{"start":{"line":110,"column":48},"end":{"line":114,"column":null}},"line":110},"12":{"name":"(anonymous_12)","decl":{"start":{"line":116,"column":10},"end":{"line":116,"column":25}},"loc":{"start":{"line":116,"column":41},"end":{"line":121,"column":null}},"line":116},"13":{"name":"(anonymous_13)","decl":{"start":{"line":123,"column":2},"end":{"line":123,"column":10}},"loc":{"start":{"line":123,"column":10},"end":{"line":128,"column":null}},"line":123}},"branchMap":{"0":{"loc":{"start":{"line":17,"column":4},"end":{"line":19,"column":null}},"type":"if","locations":[{"start":{"line":17,"column":4},"end":{"line":19,"column":null}},{"start":{},"end":{}}],"line":17},"1":{"loc":{"start":{"line":42,"column":8},"end":{"line":55,"column":null}},"type":"if","locations":[{"start":{"line":42,"column":8},"end":{"line":55,"column":null}},{"start":{"line":52,"column":15},"end":{"line":55,"column":null}}],"line":42},"2":{"loc":{"start":{"line":42,"column":12},"end":{"line":42,"column":63}},"type":"binary-expr","locations":[{"start":{"line":42,"column":12},"end":{"line":42,"column":20}},{"start":{"line":42,"column":20},"end":{"line":42,"column":29}},{"start":{"line":42,"column":29},"end":{"line":42,"column":43}},{"start":{"line":42,"column":43},"end":{"line":42,"column":63}}],"line":42},"3":{"loc":{"start":{"line":49,"column":10},"end":{"line":51,"column":null}},"type":"if","locations":[{"start":{"line":49,"column":10},"end":{"line":51,"column":null}},{"start":{},"end":{}}],"line":49},"4":{"loc":{"start":{"line":59,"column":8},"end":{"line":62,"column":null}},"type":"if","locations":[{"start":{"line":59,"column":8},"end":{"line":62,"column":null}},{"start":{},"end":{}}],"line":59},"5":{"loc":{"start":{"line":68,"column":8},"end":{"line":68,"column":null}},"type":"if","locations":[{"start":{"line":68,"column":8},"end":{"line":68,"column":null}},{"start":{},"end":{}}],"line":68},"6":{"loc":{"start":{"line":76,"column":6},"end":{"line":78,"column":null}},"type":"if","locations":[{"start":{"line":76,"column":6},"end":{"line":78,"column":null}},{"start":{},"end":{}}],"line":76},"7":{"loc":{"start":{"line":83,"column":4},"end":{"line":83,"column":null}},"type":"if","locations":[{"start":{"line":83,"column":4},"end":{"line":83,"column":null}},{"start":{},"end":{}}],"line":83},"8":{"loc":{"start":{"line":99,"column":4},"end":{"line":99,"column":null}},"type":"if","locations":[{"start":{"line":99,"column":4},"end":{"line":99,"column":null}},{"start":{},"end":{}}],"line":99},"9":{"loc":{"start":{"line":118,"column":4},"end":{"line":120,"column":null}},"type":"if","locations":[{"start":{"line":118,"column":4},"end":{"line":120,"column":null}},{"start":{},"end":{}}],"line":118},"10":{"loc":{"start":{"line":118,"column":8},"end":{"line":118,"column":40}},"type":"binary-expr","locations":[{"start":{"line":118,"column":8},"end":{"line":118,"column":28}},{"start":{"line":118,"column":28},"end":{"line":118,"column":40}}],"line":118},"11":{"loc":{"start":{"line":125,"column":4},"end":{"line":127,"column":null}},"type":"if","locations":[{"start":{"line":125,"column":4},"end":{"line":127,"column":null}},{"start":{},"end":{}}],"line":125}},"s":{"0":1,"1":1,"2":1,"3":1,"4":1,"5":1,"6":1,"7":1,"8":1,"9":1,"10":0,"11":0,"12":0,"13":0,"14":0,"15":0,"16":0,"17":0,"18":0,"19":0,"20":0,"21":0,"22":0,"23":0,"24":0,"25":0,"26":0,"27":0,"28":0,"29":0,"30":0,"31":0,"32":0,"33":0,"34":1,"35":0,"36":0,"37":0,"38":0,"39":0,"40":0,"41":0,"42":0,"43":0,"44":0,"45":0,"46":0,"47":0,"48":1,"49":1,"50":1,"51":0,"52":0,"53":0,"54":0,"55":0,"56":0,"57":0,"58":0,"59":0,"60":0,"61":0,"62":1},"f":{"0":1,"1":1,"2":0,"3":0,"4":0,"5":0,"6":0,"7":0,"8":0,"9":0,"10":1,"11":0,"12":0,"13":0},"b":{"0":[1,0],"1":[0,0],"2":[0,0,0,0],"3":[0,0],"4":[0,0],"5":[0,0],"6":[0,0],"7":[0,0],"8":[1,0],"9":[0,0],"10":[0,0],"11":[0,0]},"meta":{"lastBranch":12,"lastFunction":14,"lastStatement":63,"seen":{"s:10:24:10:Infinity":0,"s:12:31:12:Infinity":1,"s:13:34:13:Infinity":2,"s:14:36:14:Infinity":3,"f:16:2:16:16":0,"b:17:4:19:Infinity:undefined:undefined:undefined:undefined":0,"s:17:4:19:Infinity":4,"s:18:6:18:Infinity":5,"f:22:2:22:12":1,"s:23:10:23:Infinity":6,"s:24:4:24:Infinity":7,"s:26:4:31:Infinity":8,"s:33:4:71:Infinity":9,"f:33:21:33:27":2,"s:34:6:34:Infinity":10,"s:35:6:35:Infinity":11,"s:36:6:36:Infinity":12,"s:38:27:38:Infinity":13,"s:41:6:56:Infinity":14,"f:41:91:41:92":3,"b:42:8:55:Infinity:52:15:55:Infinity":1,"s:42:8:55:Infinity":15,"b:42:12:42:20:42:20:42:29:42:29:42:43:42:43:42:63":2,"s:43:16:43:Infinity":16,"s:44:10:44:Infinity":17,"s:45:26:45:Infinity":18,"s:46:10:46:Infinity":19,"f:46:26:46:27":4,"s:46:50:46:74":20,"b:49:10:51:Infinity:undefined:undefined:undefined:undefined":3,"s:49:10:51:Infinity":21,"s:50:12:50:Infinity":22,"s:54:10:54:Infinity":23,"s:58:6:64:Infinity":24,"f:58:44:58:45":5,"b:59:8:62:Infinity:undefined:undefined:undefined:undefined":4,"s:59:8:62:Infinity":25,"s:60:10:60:Infinity":26,"s:61:10:61:Infinity":27,"s:63:8:63:Infinity":28,"s:66:23:66:Infinity":29,"s:67:6:70:Infinity":30,"f:67:40:67:41":6,"b:68:8:68:Infinity:undefined:undefined:undefined:undefined":5,"s:68:8:68:Infinity":31,"s:68:19:68:Infinity":32,"s:69:8:69:Infinity":33,"s:73:4:79:Infinity":34,"f:73:22:73:28":7,"s:74:6:74:Infinity":35,"s:75:6:75:Infinity":36,"b:76:6:78:Infinity:undefined:undefined:undefined:undefined":6,"s:76:6:78:Infinity":37,"s:77:8:77:Infinity":38,"f:82:10:82:22":8,"b:83:4:83:Infinity:undefined:undefined:undefined:undefined":7,"s:83:4:83:Infinity":39,"s:83:47:83:Infinity":40,"s:85:10:85:Infinity":41,"s:86:4:86:Infinity":42,"s:88:4:88:Infinity":43,"s:89:18:89:Infinity":44,"s:91:4:91:Infinity":45,"s:92:4:94:Infinity":46,"f:92:37:92:43":9,"s:93:6:93:Infinity":47,"f:97:2:97:7":10,"s:98:10:98:Infinity":48,"b:99:4:99:Infinity:undefined:undefined:undefined:undefined":8,"s:99:4:99:Infinity":49,"s:99:44:99:Infinity":50,"s:101:20:105:Infinity":51,"s:107:4:107:Infinity":52,"f:110:10:110:28":11,"s:111:4:111:Infinity":53,"s:112:10:112:Infinity":54,"s:113:4:113:Infinity":55,"f:116:10:116:25":12,"s:117:10:117:Infinity":56,"b:118:4:120:Infinity:undefined:undefined:undefined:undefined":9,"s:118:4:120:Infinity":57,"b:118:8:118:28:118:28:118:40":10,"s:119:6:119:Infinity":58,"f:123:2:123:10":13,"s:124:4:124:Infinity":59,"b:125:4:127:Infinity:undefined:undefined:undefined:undefined":11,"s:125:4:127:Infinity":60,"s:126:6:126:Infinity":61,"s:131:31:131:Infinity":62}}}
,"/Users/stream/codes/ganglia/ganglia-webui/src/stores/log.ts": {"path":"/Users/stream/codes/ganglia/ganglia-webui/src/stores/log.ts","statementMap":{"0":{"start":{"line":4,"column":13},"end":{"line":86,"column":null}},"1":{"start":{"line":5,"column":16},"end":{"line":15,"column":null}},"2":{"start":{"line":18,"column":6},"end":{"line":22,"column":null}},"3":{"start":{"line":19,"column":21},"end":{"line":19,"column":null}},"4":{"start":{"line":20,"column":8},"end":{"line":20,"column":null}},"5":{"start":{"line":21,"column":8},"end":{"line":21,"column":null}},"6":{"start":{"line":26,"column":6},"end":{"line":28,"column":null}},"7":{"start":{"line":27,"column":8},"end":{"line":27,"column":null}},"8":{"start":{"line":31,"column":6},"end":{"line":52,"column":null}},"9":{"start":{"line":32,"column":26},"end":{"line":32,"column":null}},"10":{"start":{"line":33,"column":26},"end":{"line":33,"column":null}},"11":{"start":{"line":36,"column":8},"end":{"line":39,"column":null}},"12":{"start":{"line":38,"column":10},"end":{"line":38,"column":null}},"13":{"start":{"line":42,"column":33},"end":{"line":42,"column":null}},"14":{"start":{"line":45,"column":8},"end":{"line":51,"column":null}},"15":{"start":{"line":49,"column":10},"end":{"line":49,"column":null}},"16":{"start":{"line":50,"column":10},"end":{"line":50,"column":null}},"17":{"start":{"line":54,"column":6},"end":{"line":54,"column":null}},"18":{"start":{"line":57,"column":6},"end":{"line":62,"column":null}},"19":{"start":{"line":58,"column":21},"end":{"line":58,"column":null}},"20":{"start":{"line":59,"column":8},"end":{"line":61,"column":null}},"21":{"start":{"line":60,"column":10},"end":{"line":60,"column":null}},"22":{"start":{"line":64,"column":6},"end":{"line":67,"column":null}},"23":{"start":{"line":65,"column":21},"end":{"line":65,"column":null}},"24":{"start":{"line":66,"column":8},"end":{"line":66,"column":null}},"25":{"start":{"line":69,"column":6},"end":{"line":71,"column":null}},"26":{"start":{"line":70,"column":8},"end":{"line":70,"column":null}},"27":{"start":{"line":74,"column":6},"end":{"line":76,"column":null}},"28":{"start":{"line":75,"column":8},"end":{"line":75,"column":null}},"29":{"start":{"line":79,"column":6},"end":{"line":79,"column":null}},"30":{"start":{"line":80,"column":6},"end":{"line":80,"column":null}},"31":{"start":{"line":81,"column":6},"end":{"line":81,"column":null}},"32":{"start":{"line":82,"column":6},"end":{"line":82,"column":null}},"33":{"start":{"line":83,"column":6},"end":{"line":83,"column":null}}},"fnMap":{"0":{"name":"(anonymous_0)","decl":{"start":{"line":5,"column":9},"end":{"line":5,"column":16}},"loc":{"start":{"line":5,"column":16},"end":{"line":15,"column":null}},"line":5},"1":{"name":"(anonymous_1)","decl":{"start":{"line":17,"column":4},"end":{"line":17,"column":13}},"loc":{"start":{"line":17,"column":33},"end":{"line":72,"column":null}},"line":17},"2":{"name":"(anonymous_2)","decl":{"start":{"line":73,"column":4},"end":{"line":73,"column":14}},"loc":{"start":{"line":73,"column":48},"end":{"line":77,"column":null}},"line":73},"3":{"name":"(anonymous_3)","decl":{"start":{"line":78,"column":4},"end":{"line":78,"column":12}},"loc":{"start":{"line":78,"column":12},"end":{"line":84,"column":null}},"line":78}},"branchMap":{"0":{"loc":{"start":{"line":18,"column":6},"end":{"line":22,"column":null}},"type":"if","locations":[{"start":{"line":18,"column":6},"end":{"line":22,"column":null}},{"start":{},"end":{}}],"line":18},"1":{"loc":{"start":{"line":26,"column":6},"end":{"line":28,"column":null}},"type":"if","locations":[{"start":{"line":26,"column":6},"end":{"line":28,"column":null}},{"start":{},"end":{}}],"line":26},"2":{"loc":{"start":{"line":31,"column":6},"end":{"line":52,"column":null}},"type":"if","locations":[{"start":{"line":31,"column":6},"end":{"line":52,"column":null}},{"start":{},"end":{}}],"line":31},"3":{"loc":{"start":{"line":36,"column":8},"end":{"line":39,"column":null}},"type":"if","locations":[{"start":{"line":36,"column":8},"end":{"line":39,"column":null}},{"start":{},"end":{}}],"line":36},"4":{"loc":{"start":{"line":36,"column":8},"end":{"line":37,"column":92}},"type":"binary-expr","locations":[{"start":{"line":36,"column":13},"end":{"line":36,"column":41}},{"start":{"line":36,"column":41},"end":{"line":36,"column":75}},{"start":{"line":36,"column":75},"end":{"line":36,"column":null}},{"start":{"line":37,"column":13},"end":{"line":37,"column":26}},{"start":{"line":37,"column":26},"end":{"line":37,"column":58}},{"start":{"line":37,"column":58},"end":{"line":37,"column":92}}],"line":36},"5":{"loc":{"start":{"line":42,"column":33},"end":{"line":42,"column":null}},"type":"cond-expr","locations":[{"start":{"line":42,"column":58},"end":{"line":42,"column":96}},{"start":{"line":42,"column":96},"end":{"line":42,"column":null}}],"line":42},"6":{"loc":{"start":{"line":45,"column":8},"end":{"line":51,"column":null}},"type":"if","locations":[{"start":{"line":45,"column":8},"end":{"line":51,"column":null}},{"start":{},"end":{}}],"line":45},"7":{"loc":{"start":{"line":45,"column":12},"end":{"line":47,"column":80}},"type":"binary-expr","locations":[{"start":{"line":45,"column":12},"end":{"line":45,"column":46}},{"start":{"line":45,"column":46},"end":{"line":45,"column":null}},{"start":{"line":46,"column":12},"end":{"line":46,"column":null}},{"start":{"line":47,"column":12},"end":{"line":47,"column":80}}],"line":45},"8":{"loc":{"start":{"line":57,"column":6},"end":{"line":62,"column":null}},"type":"if","locations":[{"start":{"line":57,"column":6},"end":{"line":62,"column":null}},{"start":{},"end":{}}],"line":57},"9":{"loc":{"start":{"line":59,"column":8},"end":{"line":61,"column":null}},"type":"if","locations":[{"start":{"line":59,"column":8},"end":{"line":61,"column":null}},{"start":{},"end":{}}],"line":59},"10":{"loc":{"start":{"line":59,"column":12},"end":{"line":59,"column":71}},"type":"binary-expr","locations":[{"start":{"line":59,"column":12},"end":{"line":59,"column":31}},{"start":{"line":59,"column":31},"end":{"line":59,"column":71}}],"line":59},"11":{"loc":{"start":{"line":64,"column":6},"end":{"line":67,"column":null}},"type":"if","locations":[{"start":{"line":64,"column":6},"end":{"line":67,"column":null}},{"start":{},"end":{}}],"line":64},"12":{"loc":{"start":{"line":69,"column":6},"end":{"line":71,"column":null}},"type":"if","locations":[{"start":{"line":69,"column":6},"end":{"line":71,"column":null}},{"start":{},"end":{}}],"line":69},"13":{"loc":{"start":{"line":74,"column":6},"end":{"line":76,"column":null}},"type":"if","locations":[{"start":{"line":74,"column":6},"end":{"line":76,"column":null}},{"start":{},"end":{}}],"line":74}},"s":{"0":5,"1":14,"2":9,"3":0,"4":0,"5":0,"6":9,"7":9,"8":9,"9":3,"10":3,"11":3,"12":1,"13":3,"14":3,"15":1,"16":1,"17":8,"18":8,"19":3,"20":3,"21":3,"22":8,"23":0,"24":0,"25":8,"26":0,"27":1,"28":1,"29":1,"30":1,"31":1,"32":1,"33":1},"f":{"0":14,"1":9,"2":1,"3":1},"b":{"0":[0,9],"1":[9,0],"2":[3,6],"3":[1,2],"4":[3,2,1,3,3,2],"5":[2,1],"6":[1,2],"7":[3,1,1,1],"8":[3,5],"9":[3,0],"10":[3,3],"11":[0,8],"12":[0,8],"13":[1,0]},"meta":{"lastBranch":14,"lastFunction":4,"lastStatement":34,"seen":{"s:4:13:86:Infinity":0,"f:5:9:5:16":0,"s:5:16:15:Infinity":1,"f:17:4:17:13":1,"b:18:6:22:Infinity:undefined:undefined:undefined:undefined":0,"s:18:6:22:Infinity":2,"s:19:21:19:Infinity":3,"s:20:8:20:Infinity":4,"s:21:8:21:Infinity":5,"b:26:6:28:Infinity:undefined:undefined:undefined:undefined":1,"s:26:6:28:Infinity":6,"s:27:8:27:Infinity":7,"b:31:6:52:Infinity:undefined:undefined:undefined:undefined":2,"s:31:6:52:Infinity":8,"s:32:26:32:Infinity":9,"s:33:26:33:Infinity":10,"b:36:8:39:Infinity:undefined:undefined:undefined:undefined":3,"s:36:8:39:Infinity":11,"b:36:13:36:41:36:41:36:75:36:75:36:Infinity:37:13:37:26:37:26:37:58:37:58:37:92":4,"s:38:10:38:Infinity":12,"s:42:33:42:Infinity":13,"b:42:58:42:96:42:96:42:Infinity":5,"b:45:8:51:Infinity:undefined:undefined:undefined:undefined":6,"s:45:8:51:Infinity":14,"b:45:12:45:46:45:46:45:Infinity:46:12:46:Infinity:47:12:47:80":7,"s:49:10:49:Infinity":15,"s:50:10:50:Infinity":16,"s:54:6:54:Infinity":17,"b:57:6:62:Infinity:undefined:undefined:undefined:undefined":8,"s:57:6:62:Infinity":18,"s:58:21:58:Infinity":19,"b:59:8:61:Infinity:undefined:undefined:undefined:undefined":9,"s:59:8:61:Infinity":20,"b:59:12:59:31:59:31:59:71":10,"s:60:10:60:Infinity":21,"b:64:6:67:Infinity:undefined:undefined:undefined:undefined":11,"s:64:6:67:Infinity":22,"s:65:21:65:Infinity":23,"s:66:8:66:Infinity":24,"b:69:6:71:Infinity:undefined:undefined:undefined:undefined":12,"s:69:6:71:Infinity":25,"s:70:8:70:Infinity":26,"f:73:4:73:14":2,"b:74:6:76:Infinity:undefined:undefined:undefined:undefined":13,"s:74:6:76:Infinity":27,"s:75:8:75:Infinity":28,"f:78:4:78:12":3,"s:79:6:79:Infinity":29,"s:80:6:80:Infinity":30,"s:81:6:81:Infinity":31,"s:82:6:82:Infinity":32,"s:83:6:83:Infinity":33}}}
,"/Users/stream/codes/ganglia/ganglia-webui/src/stores/system.ts": {"path":"/Users/stream/codes/ganglia/ganglia-webui/src/stores/system.ts","statementMap":{"0":{"start":{"line":8,"column":13},"end":{"line":106,"column":null}},"1":{"start":{"line":10,"column":20},"end":{"line":10,"column":null}},"2":{"start":{"line":11,"column":22},"end":{"line":11,"column":null}},"3":{"start":{"line":12,"column":4},"end":{"line":12,"column":null}},"4":{"start":{"line":12,"column":18},"end":{"line":12,"column":null}},"5":{"start":{"line":14,"column":25},"end":{"line":14,"column":null}},"6":{"start":{"line":15,"column":27},"end":{"line":15,"column":null}},"7":{"start":{"line":16,"column":4},"end":{"line":16,"column":null}},"8":{"start":{"line":16,"column":45},"end":{"line":16,"column":null}},"9":{"start":{"line":17,"column":4},"end":{"line":17,"column":null}},"10":{"start":{"line":19,"column":4},"end":{"line":32,"column":null}},"11":{"start":{"line":36,"column":12},"end":{"line":36,"column":null}},"12":{"start":{"line":37,"column":20},"end":{"line":37,"column":null}},"13":{"start":{"line":39,"column":6},"end":{"line":51,"column":null}},"14":{"start":{"line":40,"column":8},"end":{"line":50,"column":null}},"15":{"start":{"line":41,"column":40},"end":{"line":41,"column":null}},"16":{"start":{"line":42,"column":10},"end":{"line":49,"column":null}},"17":{"start":{"line":45,"column":25},"end":{"line":45,"column":null}},"18":{"start":{"line":46,"column":12},"end":{"line":48,"column":null}},"19":{"start":{"line":47,"column":14},"end":{"line":47,"column":null}},"20":{"start":{"line":52,"column":6},"end":{"line":52,"column":null}},"21":{"start":{"line":57,"column":6},"end":{"line":57,"column":null}},"22":{"start":{"line":60,"column":6},"end":{"line":60,"column":null}},"23":{"start":{"line":61,"column":6},"end":{"line":61,"column":null}},"24":{"start":{"line":62,"column":6},"end":{"line":65,"column":null}},"25":{"start":{"line":63,"column":8},"end":{"line":63,"column":null}},"26":{"start":{"line":64,"column":8},"end":{"line":64,"column":null}},"27":{"start":{"line":68,"column":6},"end":{"line":68,"column":null}},"28":{"start":{"line":69,"column":6},"end":{"line":69,"column":null}},"29":{"start":{"line":72,"column":6},"end":{"line":72,"column":null}},"30":{"start":{"line":75,"column":6},"end":{"line":75,"column":null}},"31":{"start":{"line":78,"column":6},"end":{"line":84,"column":null}},"32":{"start":{"line":79,"column":8},"end":{"line":79,"column":null}},"33":{"start":{"line":81,"column":8},"end":{"line":81,"column":null}},"34":{"start":{"line":82,"column":8},"end":{"line":82,"column":null}},"35":{"start":{"line":83,"column":8},"end":{"line":83,"column":null}},"36":{"start":{"line":87,"column":6},"end":{"line":87,"column":null}},"37":{"start":{"line":88,"column":6},"end":{"line":88,"column":null}},"38":{"start":{"line":89,"column":6},"end":{"line":89,"column":null}},"39":{"start":{"line":92,"column":6},"end":{"line":92,"column":null}},"40":{"start":{"line":93,"column":6},"end":{"line":93,"column":null}},"41":{"start":{"line":94,"column":6},"end":{"line":94,"column":null}},"42":{"start":{"line":97,"column":6},"end":{"line":97,"column":null}},"43":{"start":{"line":100,"column":6},"end":{"line":100,"column":null}},"44":{"start":{"line":103,"column":6},"end":{"line":103,"column":null}}},"fnMap":{"0":{"name":"(anonymous_0)","decl":{"start":{"line":9,"column":9},"end":{"line":9,"column":15}},"loc":{"start":{"line":9,"column":15},"end":{"line":33,"column":null}},"line":9},"1":{"name":"(anonymous_1)","decl":{"start":{"line":35,"column":19},"end":{"line":35,"column":20}},"loc":{"start":{"line":35,"column":30},"end":{"line":53,"column":null}},"line":35},"2":{"name":"(anonymous_2)","decl":{"start":{"line":39,"column":30},"end":{"line":39,"column":39}},"loc":{"start":{"line":39,"column":39},"end":{"line":51,"column":7}},"line":39},"3":{"name":"(anonymous_3)","decl":{"start":{"line":56,"column":4},"end":{"line":56,"column":14}},"loc":{"start":{"line":56,"column":40},"end":{"line":58,"column":null}},"line":56},"4":{"name":"(anonymous_4)","decl":{"start":{"line":59,"column":4},"end":{"line":59,"column":17}},"loc":{"start":{"line":59,"column":29},"end":{"line":66,"column":null}},"line":59},"5":{"name":"(anonymous_5)","decl":{"start":{"line":67,"column":4},"end":{"line":67,"column":18}},"loc":{"start":{"line":67,"column":30},"end":{"line":70,"column":null}},"line":67},"6":{"name":"(anonymous_6)","decl":{"start":{"line":71,"column":4},"end":{"line":71,"column":21}},"loc":{"start":{"line":71,"column":35},"end":{"line":73,"column":null}},"line":71},"7":{"name":"(anonymous_7)","decl":{"start":{"line":74,"column":4},"end":{"line":74,"column":13}},"loc":{"start":{"line":74,"column":32},"end":{"line":76,"column":null}},"line":74},"8":{"name":"(anonymous_8)","decl":{"start":{"line":77,"column":4},"end":{"line":77,"column":20}},"loc":{"start":{"line":77,"column":88},"end":{"line":85,"column":null}},"line":77},"9":{"name":"(anonymous_9)","decl":{"start":{"line":86,"column":4},"end":{"line":86,"column":24}},"loc":{"start":{"line":86,"column":38},"end":{"line":90,"column":null}},"line":86},"10":{"name":"(anonymous_10)","decl":{"start":{"line":91,"column":4},"end":{"line":91,"column":24}},"loc":{"start":{"line":91,"column":45},"end":{"line":95,"column":null}},"line":91},"11":{"name":"(anonymous_11)","decl":{"start":{"line":96,"column":4},"end":{"line":96,"column":21}},"loc":{"start":{"line":96,"column":21},"end":{"line":98,"column":null}},"line":96},"12":{"name":"(anonymous_12)","decl":{"start":{"line":99,"column":4},"end":{"line":99,"column":23}},"loc":{"start":{"line":99,"column":37},"end":{"line":101,"column":null}},"line":99},"13":{"name":"(anonymous_13)","decl":{"start":{"line":102,"column":4},"end":{"line":102,"column":26}},"loc":{"start":{"line":102,"column":26},"end":{"line":104,"column":null}},"line":102}},"branchMap":{"0":{"loc":{"start":{"line":11,"column":22},"end":{"line":11,"column":null}},"type":"binary-expr","locations":[{"start":{"line":11,"column":22},"end":{"line":11,"column":33}},{"start":{"line":11,"column":33},"end":{"line":11,"column":null}}],"line":11},"1":{"loc":{"start":{"line":12,"column":4},"end":{"line":12,"column":null}},"type":"if","locations":[{"start":{"line":12,"column":4},"end":{"line":12,"column":null}},{"start":{},"end":{}}],"line":12},"2":{"loc":{"start":{"line":15,"column":27},"end":{"line":15,"column":null}},"type":"cond-expr","locations":[{"start":{"line":15,"column":42},"end":{"line":15,"column":69}},{"start":{"line":15,"column":69},"end":{"line":15,"column":null}}],"line":15},"3":{"loc":{"start":{"line":16,"column":4},"end":{"line":16,"column":null}},"type":"if","locations":[{"start":{"line":16,"column":4},"end":{"line":16,"column":null}},{"start":{},"end":{}}],"line":16},"4":{"loc":{"start":{"line":40,"column":8},"end":{"line":50,"column":null}},"type":"if","locations":[{"start":{"line":40,"column":8},"end":{"line":50,"column":null}},{"start":{},"end":{}}],"line":40},"5":{"loc":{"start":{"line":42,"column":10},"end":{"line":49,"column":null}},"type":"if","locations":[{"start":{"line":42,"column":10},"end":{"line":49,"column":null}},{"start":{},"end":{}}],"line":42},"6":{"loc":{"start":{"line":46,"column":12},"end":{"line":48,"column":null}},"type":"if","locations":[{"start":{"line":46,"column":12},"end":{"line":48,"column":null}},{"start":{},"end":{}}],"line":46},"7":{"loc":{"start":{"line":46,"column":16},"end":{"line":46,"column":44}},"type":"binary-expr","locations":[{"start":{"line":46,"column":16},"end":{"line":46,"column":24}},{"start":{"line":46,"column":24},"end":{"line":46,"column":44}}],"line":46},"8":{"loc":{"start":{"line":62,"column":6},"end":{"line":65,"column":null}},"type":"if","locations":[{"start":{"line":62,"column":6},"end":{"line":65,"column":null}},{"start":{},"end":{}}],"line":62},"9":{"loc":{"start":{"line":77,"column":20},"end":{"line":77,"column":54}},"type":"default-arg","locations":[{"start":{"line":77,"column":48},"end":{"line":77,"column":54}}],"line":77},"10":{"loc":{"start":{"line":77,"column":54},"end":{"line":77,"column":88}},"type":"default-arg","locations":[{"start":{"line":77,"column":76},"end":{"line":77,"column":88}}],"line":77},"11":{"loc":{"start":{"line":78,"column":6},"end":{"line":84,"column":null}},"type":"if","locations":[{"start":{"line":78,"column":6},"end":{"line":84,"column":null}},{"start":{"line":80,"column":13},"end":{"line":84,"column":null}}],"line":78},"12":{"loc":{"start":{"line":78,"column":10},"end":{"line":78,"column":106}},"type":"binary-expr","locations":[{"start":{"line":78,"column":10},"end":{"line":78,"column":53}},{"start":{"line":78,"column":53},"end":{"line":78,"column":77}},{"start":{"line":78,"column":77},"end":{"line":78,"column":106}}],"line":78}},"s":{"0":4,"1":17,"2":17,"3":17,"4":4,"5":17,"6":17,"7":17,"8":0,"9":17,"10":17,"11":3,"12":3,"13":3,"14":3,"15":3,"16":3,"17":3,"18":3,"19":3,"20":3,"21":1,"22":2,"23":2,"24":2,"25":2,"26":2,"27":1,"28":1,"29":0,"30":0,"31":4,"32":1,"33":3,"34":3,"35":3,"36":1,"37":1,"38":1,"39":0,"40":0,"41":0,"42":1,"43":1,"44":1},"f":{"0":17,"1":3,"2":3,"3":1,"4":2,"5":1,"6":0,"7":0,"8":4,"9":1,"10":0,"11":1,"12":1,"13":1},"b":{"0":[17,4],"1":[4,13],"2":[13,4],"3":[0,17],"4":[3,0],"5":[3,0],"6":[3,0],"7":[3,3],"8":[2,0],"9":[4],"10":[4],"11":[1,3],"12":[4,2,1]},"meta":{"lastBranch":13,"lastFunction":14,"lastStatement":45,"seen":{"s:8:13:106:Infinity":0,"f:9:9:9:15":0,"s:10:20:10:Infinity":1,"s:11:22:11:Infinity":2,"b:11:22:11:33:11:33:11:Infinity":0,"b:12:4:12:Infinity:undefined:undefined:undefined:undefined":1,"s:12:4:12:Infinity":3,"s:12:18:12:Infinity":4,"s:14:25:14:Infinity":5,"s:15:27:15:Infinity":6,"b:15:42:15:69:15:69:15:Infinity":2,"b:16:4:16:Infinity:undefined:undefined:undefined:undefined":3,"s:16:4:16:Infinity":7,"s:16:45:16:Infinity":8,"s:17:4:17:Infinity":9,"s:19:4:32:Infinity":10,"f:35:19:35:20":1,"s:36:12:36:Infinity":11,"s:37:20:37:Infinity":12,"s:39:6:51:Infinity":13,"f:39:30:39:39":2,"b:40:8:50:Infinity:undefined:undefined:undefined:undefined":4,"s:40:8:50:Infinity":14,"s:41:40:41:Infinity":15,"b:42:10:49:Infinity:undefined:undefined:undefined:undefined":5,"s:42:10:49:Infinity":16,"s:45:25:45:Infinity":17,"b:46:12:48:Infinity:undefined:undefined:undefined:undefined":6,"s:46:12:48:Infinity":18,"b:46:16:46:24:46:24:46:44":7,"s:47:14:47:Infinity":19,"s:52:6:52:Infinity":20,"f:56:4:56:14":3,"s:57:6:57:Infinity":21,"f:59:4:59:17":4,"s:60:6:60:Infinity":22,"s:61:6:61:Infinity":23,"b:62:6:65:Infinity:undefined:undefined:undefined:undefined":8,"s:62:6:65:Infinity":24,"s:63:8:63:Infinity":25,"s:64:8:64:Infinity":26,"f:67:4:67:18":5,"s:68:6:68:Infinity":27,"s:69:6:69:Infinity":28,"f:71:4:71:21":6,"s:72:6:72:Infinity":29,"f:74:4:74:13":7,"s:75:6:75:Infinity":30,"f:77:4:77:20":8,"b:77:48:77:54":9,"b:77:76:77:88":10,"b:78:6:84:Infinity:80:13:84:Infinity":11,"s:78:6:84:Infinity":31,"b:78:10:78:53:78:53:78:77:78:77:78:106":12,"s:79:8:79:Infinity":32,"s:81:8:81:Infinity":33,"s:82:8:82:Infinity":34,"s:83:8:83:Infinity":35,"f:86:4:86:24":9,"s:87:6:87:Infinity":36,"s:88:6:88:Infinity":37,"s:89:6:89:Infinity":38,"f:91:4:91:24":10,"s:92:6:92:Infinity":39,"s:93:6:93:Infinity":40,"s:94:6:94:Infinity":41,"f:96:4:96:21":11,"s:97:6:97:Infinity":42,"f:99:4:99:23":12,"s:100:6:100:Infinity":43,"f:102:4:102:26":13,"s:103:6:103:Infinity":44}}}
}
